<?xml version="1.0" encoding="UTF-8"?>
<!-- Generated by org.testng.reporters.JUnitXMLReporter -->
<testsuite ignored="6" hostname="Sakshis-MacBook-Air.local" failures="13" tests="40" name="PetStoreTests" time="88.516" errors="0" timestamp="2024-08-03T09:14:28 AEST">
  <testcase classname="com.au.petstore.testsAPI.DeletePet" name="deleteNonExistencePetIDFromTheStore" time="10.907"/>
  <testcase classname="com.au.petstore.testsAPI.DeletePet" name="deletePetFromTheStoreWithValidPetID" time="2.975"/>
  <testcase classname="com.au.petstore.testsAPI.DeletePet" name="deletePetIDFromTheStoreWithoutMandatoryFieldPetID" time="1.407"/>
  <testcase classname="com.au.petstore.testsAPI.GetPetByID" name="getPetByID" time="1.456"/>
  <testcase classname="com.au.petstore.testsAPI.GetPetByID" name="getDeletePetAsNotFound" time="2.838"/>
  <testcase classname="com.au.petstore.testsAPI.GetPetByID" name="getPetByInvalidID" time="1.534"/>
  <testcase classname="com.au.petstore.testsAPI.GetPetByStatus" name="getPetByInvalidStatus" time="1.434">
    <failure type="java.lang.AssertionError" message="
Expected: is &amp;lt;400&amp;gt;
     but: was &amp;lt;200&amp;gt;">
      <![CDATA[java.lang.AssertionError: 
Expected: is <400>
     but: was <200>
at org.hamcrest.MatcherAssert.assertThat(MatcherAssert.java:20)
at org.hamcrest.MatcherAssert.assertThat(MatcherAssert.java:6)
at com.au.petstore.testsAPI.GetPetByStatus.getPetByInvalidStatus(GetPetByStatus.java:56)
at java.base/java.util.ArrayList.forEach(ArrayList.java:1541)
... Removed 31 stack frames]]>
    </failure>
  </testcase> <!-- getPetByInvalidStatus -->
  <testcase classname="com.au.petstore.testsAPI.GetPetByStatus" name="getPetByRemovingStatus" time="1.206">
    <failure type="java.lang.AssertionError" message="
Expected: is &amp;lt;405&amp;gt;
     but: was &amp;lt;200&amp;gt;">
      <![CDATA[java.lang.AssertionError: 
Expected: is <405>
     but: was <200>
at org.hamcrest.MatcherAssert.assertThat(MatcherAssert.java:20)
at org.hamcrest.MatcherAssert.assertThat(MatcherAssert.java:6)
at com.au.petstore.testsAPI.GetPetByStatus.getPetByRemovingStatus(GetPetByStatus.java:68)
at java.base/java.util.ArrayList.forEach(ArrayList.java:1541)
... Removed 31 stack frames]]>
    </failure>
  </testcase> <!-- getPetByRemovingStatus -->
  <testcase classname="com.au.petstore.testsAPI.GetPetByStatus" name="getPetByStatus" time="3.384"/>
  <testcase classname="com.au.petstore.testsAPI.GetPetByStatus" name="getPetByStatus" time="3.381"/>
  <testcase classname="com.au.petstore.testsAPI.GetPetByStatus" name="getPetByStatus" time="2.947"/>
  <testcase classname="com.au.petstore.testsAPI.PostCreatePetAPI" name="createPetWIthSameID" time="2.878">
    <failure type="java.lang.AssertionError" message="
Expected: is &amp;lt;409&amp;gt;
     but: was &amp;lt;200&amp;gt;">
      <![CDATA[java.lang.AssertionError: 
Expected: is <409>
     but: was <200>
at org.hamcrest.MatcherAssert.assertThat(MatcherAssert.java:20)
at org.hamcrest.MatcherAssert.assertThat(MatcherAssert.java:6)
at com.au.petstore.testsAPI.PostCreatePetAPI.createPetWIthSameID(PostCreatePetAPI.java:86)
at java.base/java.util.ArrayList.forEach(ArrayList.java:1541)
... Removed 31 stack frames]]>
    </failure>
  </testcase> <!-- createPetWIthSameID -->
  <testcase classname="com.au.petstore.testsAPI.PostCreatePetAPI" name="createPetWithMandatoryFields" time="1.523"/>
  <testcase classname="com.au.petstore.testsAPI.PostCreatePetAPI" name="notAbleToCreatePetAsEmptyObjectError400" time="1.521">
    <failure type="java.lang.AssertionError" message="
Expected: is &amp;lt;400&amp;gt;
     but: was &amp;lt;200&amp;gt;">
      <![CDATA[java.lang.AssertionError: 
Expected: is <400>
     but: was <200>
at org.hamcrest.MatcherAssert.assertThat(MatcherAssert.java:20)
at org.hamcrest.MatcherAssert.assertThat(MatcherAssert.java:6)
at com.au.petstore.testsAPI.PostCreatePetAPI.notAbleToCreatePetAsEmptyObjectError400(PostCreatePetAPI.java:142)
at java.base/java.util.ArrayList.forEach(ArrayList.java:1541)
... Removed 31 stack frames]]>
    </failure>
  </testcase> <!-- notAbleToCreatePetAsEmptyObjectError400 -->
  <testcase classname="com.au.petstore.testsAPI.PostCreatePetAPI" name="notAbleToCreatePetAsIDIsMissingError500" time="2.672"/>
  <testcase classname="com.au.petstore.testsAPI.PostCreatePetAPI" name="notAbleToCreatePetAsResourceIsMissingError404" time="1.316"/>
  <testcase classname="com.au.petstore.testsAPI.PostCreatePetAPI" name="notAbleToCreatePetBadRequestError400" time="1.426">
    <failure type="java.lang.AssertionError" message="
Expected: is &amp;lt;400&amp;gt;
     but: was &amp;lt;200&amp;gt;">
      <![CDATA[java.lang.AssertionError: 
Expected: is <400>
     but: was <200>
at org.hamcrest.MatcherAssert.assertThat(MatcherAssert.java:20)
at org.hamcrest.MatcherAssert.assertThat(MatcherAssert.java:6)
at com.au.petstore.testsAPI.PostCreatePetAPI.notAbleToCreatePetBadRequestError400(PostCreatePetAPI.java:114)
at java.base/java.util.ArrayList.forEach(ArrayList.java:1541)
... Removed 31 stack frames]]>
    </failure>
  </testcase> <!-- notAbleToCreatePetBadRequestError400 -->
  <testcase classname="com.au.petstore.testsAPI.PostCreatePetAPI" name="notAbleToCreatePetWithoutBodyError405" time="1.45"/>
  <testcase classname="com.au.petstore.testsAPI.PostCreatePetAPI" name="postAPIToCreatePetWithDifferentStatus" time="1.314"/>
  <testcase classname="com.au.petstore.testsAPI.PostCreatePetAPI" name="postAPIToCreatePetWithDifferentStatus" time="1.529"/>
  <testcase classname="com.au.petstore.testsAPI.PostCreatePetAPI" name="postAPIToCreatePetWithDifferentStatus" time="1.431"/>
  <testcase classname="com.au.petstore.testsAPI.PostCreatePetAPI" name="postAPIToCreatePetWithoutMandatoryFieldsError400" time="1.462">
    <failure type="java.lang.AssertionError" message="
Expected: is &amp;lt;400&amp;gt;
     but: was &amp;lt;200&amp;gt;">
      <![CDATA[java.lang.AssertionError: 
Expected: is <400>
     but: was <200>
at org.hamcrest.MatcherAssert.assertThat(MatcherAssert.java:20)
at org.hamcrest.MatcherAssert.assertThat(MatcherAssert.java:6)
at com.au.petstore.testsAPI.PostCreatePetAPI.postAPIToCreatePetWithoutMandatoryFieldsError400(PostCreatePetAPI.java:99)
at java.base/java.util.ArrayList.forEach(ArrayList.java:1541)
... Removed 31 stack frames]]>
    </failure>
  </testcase> <!-- postAPIToCreatePetWithoutMandatoryFieldsError400 -->
  <testcase classname="com.au.petstore.testsAPI.PostPetInStoreWithFormData" name="updateExistingPetWithNameAndStatus" time="1.541"/>
  <testcase classname="com.au.petstore.testsAPI.PostPetInStoreWithFormData" name="updateExistingPetWithNameAndStatus" time="1.36"/>
  <testcase classname="com.au.petstore.testsAPI.PostPetInStoreWithFormData" name="updateExistingPetWithNameAndStatus" time="1.398"/>
  <testcase classname="com.au.petstore.testsAPI.PostPetInStoreWithFormData" name="updatePetWithInvalidFields" time="1.398">
    <failure type="java.lang.AssertionError" message="
Expected: is &amp;lt;200&amp;gt;
     but: was &amp;lt;415&amp;gt;">
      <![CDATA[java.lang.AssertionError: 
Expected: is <200>
     but: was <415>
at org.hamcrest.MatcherAssert.assertThat(MatcherAssert.java:20)
at org.hamcrest.MatcherAssert.assertThat(MatcherAssert.java:6)
at com.au.petstore.testsAPI.PostPetInStoreWithFormData.updatePetWithInvalidFields(PostPetInStoreWithFormData.java:66)
at java.base/java.util.ArrayList.forEach(ArrayList.java:1541)
... Removed 31 stack frames]]>
    </failure>
  </testcase> <!-- updatePetWithInvalidFields -->
  <testcase classname="com.au.petstore.testsAPI.PostUploadPetImage" name="updateExistingPetWithImage" time="1.579"/>
  <testcase classname="com.au.petstore.testsAPI.PostUploadPetImage" name="updatePetWithDeletedPetID" time="2.953">
    <failure type="java.lang.AssertionError" message="
Expected: is &amp;lt;404&amp;gt;
     but: was &amp;lt;200&amp;gt;">
      <![CDATA[java.lang.AssertionError: 
Expected: is <404>
     but: was <200>
at org.hamcrest.MatcherAssert.assertThat(MatcherAssert.java:20)
at org.hamcrest.MatcherAssert.assertThat(MatcherAssert.java:6)
at com.au.petstore.testsAPI.PostUploadPetImage.updatePetWithDeletedPetID(PostUploadPetImage.java:83)
at java.base/java.util.ArrayList.forEach(ArrayList.java:1541)
... Removed 31 stack frames]]>
    </failure>
  </testcase> <!-- updatePetWithDeletedPetID -->
  <testcase classname="com.au.petstore.testsAPI.PostUploadPetImage" name="updatePetWithMandatoryFields" time="1.329">
    <failure type="java.lang.AssertionError" message="
Expected: is &amp;lt;200&amp;gt;
     but: was &amp;lt;404&amp;gt;">
      <![CDATA[java.lang.AssertionError: 
Expected: is <200>
     but: was <404>
at org.hamcrest.MatcherAssert.assertThat(MatcherAssert.java:20)
at org.hamcrest.MatcherAssert.assertThat(MatcherAssert.java:6)
at com.au.petstore.testsAPI.PostUploadPetImage.updatePetWithMandatoryFields(PostUploadPetImage.java:59)
at java.base/java.util.ArrayList.forEach(ArrayList.java:1541)
... Removed 31 stack frames]]>
    </failure>
  </testcase> <!-- updatePetWithMandatoryFields -->
  <testcase classname="com.au.petstore.testsAPI.PostUploadPetImage" name="updatePetWithoutMandatoryFields" time="1.499"/>
  <testcase classname="com.au.petstore.testsAPI.PutUpdateAnExistingPet" name="notAbleToCreatePetAsEmptyObjectError400" time="1.431">
    <failure type="java.lang.AssertionError" message="
Expected: is &amp;lt;400&amp;gt;
     but: was &amp;lt;200&amp;gt;">
      <![CDATA[java.lang.AssertionError: 
Expected: is <400>
     but: was <200>
at org.hamcrest.MatcherAssert.assertThat(MatcherAssert.java:20)
at org.hamcrest.MatcherAssert.assertThat(MatcherAssert.java:6)
at com.au.petstore.testsAPI.PutUpdateAnExistingPet.notAbleToCreatePetAsEmptyObjectError400(PutUpdateAnExistingPet.java:122)
at java.base/java.util.ArrayList.forEach(ArrayList.java:1541)
... Removed 31 stack frames]]>
    </failure>
  </testcase> <!-- notAbleToCreatePetAsEmptyObjectError400 -->
  <testcase classname="com.au.petstore.testsAPI.PutUpdateAnExistingPet" name="notAbleToCreatePetAsIDIsMissingError500" time="1.279"/>
  <testcase classname="com.au.petstore.testsAPI.PutUpdateAnExistingPet" name="notAbleToCreatePetWithoutBodyError405" time="1.508"/>
  <testcase classname="com.au.petstore.testsAPI.PutUpdateAnExistingPet" name="notAbleToUpdatePetBadRequestError400" time="1.501">
    <failure type="java.lang.AssertionError" message="
Expected: is &amp;lt;400&amp;gt;
     but: was &amp;lt;200&amp;gt;">
      <![CDATA[java.lang.AssertionError: 
Expected: is <400>
     but: was <200>
at org.hamcrest.MatcherAssert.assertThat(MatcherAssert.java:20)
at org.hamcrest.MatcherAssert.assertThat(MatcherAssert.java:6)
at com.au.petstore.testsAPI.PutUpdateAnExistingPet.notAbleToUpdatePetBadRequestError400(PutUpdateAnExistingPet.java:107)
at java.base/java.util.ArrayList.forEach(ArrayList.java:1541)
... Removed 31 stack frames]]>
    </failure>
  </testcase> <!-- notAbleToUpdatePetBadRequestError400 -->
  <testcase classname="com.au.petstore.testsAPI.PutUpdateAnExistingPet" name="updatePetWithDeletedPetID" time="2.863">
    <failure type="java.lang.AssertionError" message="
Expected: is &amp;lt;404&amp;gt;
     but: was &amp;lt;200&amp;gt;">
      <![CDATA[java.lang.AssertionError: 
Expected: is <404>
     but: was <200>
at org.hamcrest.MatcherAssert.assertThat(MatcherAssert.java:20)
at org.hamcrest.MatcherAssert.assertThat(MatcherAssert.java:6)
at com.au.petstore.testsAPI.PutUpdateAnExistingPet.updatePetWithDeletedPetID(PutUpdateAnExistingPet.java:78)
at java.base/java.util.ArrayList.forEach(ArrayList.java:1541)
... Removed 31 stack frames]]>
    </failure>
  </testcase> <!-- updatePetWithDeletedPetID -->
  <testcase classname="com.au.petstore.testsAPI.PutUpdateAnExistingPet" name="updatePetWithDifferentStatusForSamePetID" time="1.536"/>
  <testcase classname="com.au.petstore.testsAPI.PutUpdateAnExistingPet" name="updatePetWithDifferentStatusForSamePetID" time="1.328"/>
  <testcase classname="com.au.petstore.testsAPI.PutUpdateAnExistingPet" name="updatePetWithDifferentStatusForSamePetID" time="1.434"/>
  <testcase classname="com.au.petstore.testsAPI.PutUpdateAnExistingPet" name="updatePetWithMandatoryFields" time="1.248"/>
  <testcase classname="com.au.petstore.testsAPI.PutUpdateAnExistingPet" name="updatePetWithoutMandatoryFieldsError400" time="1.506">
    <failure type="java.lang.AssertionError" message="
Expected: is &amp;lt;400&amp;gt;
     but: was &amp;lt;200&amp;gt;">
      <![CDATA[java.lang.AssertionError: 
Expected: is <400>
     but: was <200>
at org.hamcrest.MatcherAssert.assertThat(MatcherAssert.java:20)
at org.hamcrest.MatcherAssert.assertThat(MatcherAssert.java:6)
at com.au.petstore.testsAPI.PutUpdateAnExistingPet.updatePetWithoutMandatoryFieldsError400(PutUpdateAnExistingPet.java:92)
at java.base/java.util.ArrayList.forEach(ArrayList.java:1541)
... Removed 31 stack frames]]>
    </failure>
  </testcase> <!-- updatePetWithoutMandatoryFieldsError400 -->
  <testcase classname="com.au.petstore.utils.TestUtils" name="@BeforeSuite cleanAllureResultsFolder" time="0.0">
    <ignored/>
  </testcase> <!-- @BeforeSuite cleanAllureResultsFolder -->
  <testcase classname="com.au.petstore.utils.TestUtils" name="@BeforeSuite cleanAllureResultsFolder" time="0.0">
    <ignored/>
  </testcase> <!-- @BeforeSuite cleanAllureResultsFolder -->
  <testcase classname="com.au.petstore.utils.TestUtils" name="@BeforeSuite cleanAllureResultsFolder" time="0.0">
    <ignored/>
  </testcase> <!-- @BeforeSuite cleanAllureResultsFolder -->
  <testcase classname="com.au.petstore.utils.TestUtils" name="@BeforeSuite cleanAllureResultsFolder" time="0.0">
    <ignored/>
  </testcase> <!-- @BeforeSuite cleanAllureResultsFolder -->
  <testcase classname="com.au.petstore.utils.TestUtils" name="@BeforeSuite cleanAllureResultsFolder" time="0.0">
    <ignored/>
  </testcase> <!-- @BeforeSuite cleanAllureResultsFolder -->
  <testcase classname="com.au.petstore.utils.TestUtils" name="@BeforeSuite cleanAllureResultsFolder" time="0.0">
    <ignored/>
  </testcase> <!-- @BeforeSuite cleanAllureResultsFolder -->
</testsuite> <!-- PetStoreTests -->
