<?xml version="1.0" encoding="UTF-8"?>
<!-- Generated by org.testng.reporters.JUnitXMLReporter -->
<testsuite ignored="6" hostname="Sakshis-MacBook-Air.local" failures="13" tests="40" name="PetStoreTests" time="104.063" errors="0" timestamp="2024-07-19T21:11:32 AEST">
  <testcase classname="com.au.petstore.testsAPI.DeletePet" name="deleteNonExistencePetIDFromTheStore" time="11.198"/>
  <testcase classname="com.au.petstore.testsAPI.DeletePet" name="deletePetFromTheStoreWithValidPetID" time="3.12"/>
  <testcase classname="com.au.petstore.testsAPI.DeletePet" name="deletePetIDFromTheStoreWithoutMandatoryFieldPetID" time="1.831"/>
  <testcase classname="com.au.petstore.testsAPI.GetPetByID" name="getPetByID" time="2.452"/>
  <testcase classname="com.au.petstore.testsAPI.GetPetByID" name="getDeletePetAsNotFound" time="3.767"/>
  <testcase classname="com.au.petstore.testsAPI.GetPetByID" name="getPetByInvalidID" time="2.051"/>
  <testcase classname="com.au.petstore.testsAPI.GetPetByStatus" name="getPetByInvalidStatus" time="2.182">
    <failure type="java.lang.AssertionError" message="
Expected: is &amp;lt;400&amp;gt;
     but: was &amp;lt;200&amp;gt;">
      <![CDATA[java.lang.AssertionError: 
Expected: is <400>
     but: was <200>
at org.hamcrest.MatcherAssert.assertThat(MatcherAssert.java:20)
at org.hamcrest.MatcherAssert.assertThat(MatcherAssert.java:6)
at com.au.petstore.testsAPI.GetPetByStatus.getPetByInvalidStatus(GetPetByStatus.java:56)
at java.base/java.util.ArrayList.forEach(ArrayList.java:1541)
... Removed 31 stack frames]]>
    </failure>
  </testcase> <!-- getPetByInvalidStatus -->
  <testcase classname="com.au.petstore.testsAPI.GetPetByStatus" name="getPetByRemovingStatus" time="1.551">
    <failure type="java.lang.AssertionError" message="
Expected: is &amp;lt;405&amp;gt;
     but: was &amp;lt;200&amp;gt;">
      <![CDATA[java.lang.AssertionError: 
Expected: is <405>
     but: was <200>
at org.hamcrest.MatcherAssert.assertThat(MatcherAssert.java:20)
at org.hamcrest.MatcherAssert.assertThat(MatcherAssert.java:6)
at com.au.petstore.testsAPI.GetPetByStatus.getPetByRemovingStatus(GetPetByStatus.java:68)
at java.base/java.util.ArrayList.forEach(ArrayList.java:1541)
... Removed 31 stack frames]]>
    </failure>
  </testcase> <!-- getPetByRemovingStatus -->
  <testcase classname="com.au.petstore.testsAPI.GetPetByStatus" name="getPetByStatus" time="6.872"/>
  <testcase classname="com.au.petstore.testsAPI.GetPetByStatus" name="getPetByStatus" time="2.929"/>
  <testcase classname="com.au.petstore.testsAPI.GetPetByStatus" name="getPetByStatus" time="2.75"/>
  <testcase classname="com.au.petstore.testsAPI.PostCreatePetAPI" name="createPetWIthSameID" time="3.15">
    <failure type="java.lang.AssertionError" message="
Expected: is &amp;lt;409&amp;gt;
     but: was &amp;lt;200&amp;gt;">
      <![CDATA[java.lang.AssertionError: 
Expected: is <409>
     but: was <200>
at org.hamcrest.MatcherAssert.assertThat(MatcherAssert.java:20)
at org.hamcrest.MatcherAssert.assertThat(MatcherAssert.java:6)
at com.au.petstore.testsAPI.PostCreatePetAPI.createPetWIthSameID(PostCreatePetAPI.java:86)
at java.base/java.util.ArrayList.forEach(ArrayList.java:1541)
... Removed 31 stack frames]]>
    </failure>
  </testcase> <!-- createPetWIthSameID -->
  <testcase classname="com.au.petstore.testsAPI.PostCreatePetAPI" name="createPetWithMandatoryFields" time="1.635"/>
  <testcase classname="com.au.petstore.testsAPI.PostCreatePetAPI" name="notAbleToCreatePetAsEmptyObjectError400" time="1.519">
    <failure type="java.lang.AssertionError" message="
Expected: is &amp;lt;400&amp;gt;
     but: was &amp;lt;200&amp;gt;">
      <![CDATA[java.lang.AssertionError: 
Expected: is <400>
     but: was <200>
at org.hamcrest.MatcherAssert.assertThat(MatcherAssert.java:20)
at org.hamcrest.MatcherAssert.assertThat(MatcherAssert.java:6)
at com.au.petstore.testsAPI.PostCreatePetAPI.notAbleToCreatePetAsEmptyObjectError400(PostCreatePetAPI.java:142)
at java.base/java.util.ArrayList.forEach(ArrayList.java:1541)
... Removed 31 stack frames]]>
    </failure>
  </testcase> <!-- notAbleToCreatePetAsEmptyObjectError400 -->
  <testcase classname="com.au.petstore.testsAPI.PostCreatePetAPI" name="notAbleToCreatePetAsIDIsMissingError500" time="4.382"/>
  <testcase classname="com.au.petstore.testsAPI.PostCreatePetAPI" name="notAbleToCreatePetAsResourceIsMissingError404" time="1.316"/>
  <testcase classname="com.au.petstore.testsAPI.PostCreatePetAPI" name="notAbleToCreatePetBadRequestError400" time="1.352">
    <failure type="java.lang.AssertionError" message="
Expected: is &amp;lt;400&amp;gt;
     but: was &amp;lt;200&amp;gt;">
      <![CDATA[java.lang.AssertionError: 
Expected: is <400>
     but: was <200>
at org.hamcrest.MatcherAssert.assertThat(MatcherAssert.java:20)
at org.hamcrest.MatcherAssert.assertThat(MatcherAssert.java:6)
at com.au.petstore.testsAPI.PostCreatePetAPI.notAbleToCreatePetBadRequestError400(PostCreatePetAPI.java:114)
at java.base/java.util.ArrayList.forEach(ArrayList.java:1541)
... Removed 31 stack frames]]>
    </failure>
  </testcase> <!-- notAbleToCreatePetBadRequestError400 -->
  <testcase classname="com.au.petstore.testsAPI.PostCreatePetAPI" name="notAbleToCreatePetWithoutBodyError405" time="3.869"/>
  <testcase classname="com.au.petstore.testsAPI.PostCreatePetAPI" name="postAPIToCreatePetWithDifferentStatus" time="1.35"/>
  <testcase classname="com.au.petstore.testsAPI.PostCreatePetAPI" name="postAPIToCreatePetWithDifferentStatus" time="1.53"/>
  <testcase classname="com.au.petstore.testsAPI.PostCreatePetAPI" name="postAPIToCreatePetWithDifferentStatus" time="2.255"/>
  <testcase classname="com.au.petstore.testsAPI.PostCreatePetAPI" name="postAPIToCreatePetWithoutMandatoryFieldsError400" time="2.549">
    <failure type="java.lang.AssertionError" message="
Expected: is &amp;lt;400&amp;gt;
     but: was &amp;lt;200&amp;gt;">
      <![CDATA[java.lang.AssertionError: 
Expected: is <400>
     but: was <200>
at org.hamcrest.MatcherAssert.assertThat(MatcherAssert.java:20)
at org.hamcrest.MatcherAssert.assertThat(MatcherAssert.java:6)
at com.au.petstore.testsAPI.PostCreatePetAPI.postAPIToCreatePetWithoutMandatoryFieldsError400(PostCreatePetAPI.java:99)
at java.base/java.util.ArrayList.forEach(ArrayList.java:1541)
... Removed 31 stack frames]]>
    </failure>
  </testcase> <!-- postAPIToCreatePetWithoutMandatoryFieldsError400 -->
  <testcase classname="com.au.petstore.testsAPI.PostPetInStoreWithFormData" name="updateExistingPetWithNameAndStatus" time="1.313"/>
  <testcase classname="com.au.petstore.testsAPI.PostPetInStoreWithFormData" name="updateExistingPetWithNameAndStatus" time="1.288"/>
  <testcase classname="com.au.petstore.testsAPI.PostPetInStoreWithFormData" name="updateExistingPetWithNameAndStatus" time="1.435"/>
  <testcase classname="com.au.petstore.testsAPI.PostPetInStoreWithFormData" name="updatePetWithInvalidFields" time="1.531">
    <failure type="java.lang.AssertionError" message="
Expected: is &amp;lt;200&amp;gt;
     but: was &amp;lt;415&amp;gt;">
      <![CDATA[java.lang.AssertionError: 
Expected: is <200>
     but: was <415>
at org.hamcrest.MatcherAssert.assertThat(MatcherAssert.java:20)
at org.hamcrest.MatcherAssert.assertThat(MatcherAssert.java:6)
at com.au.petstore.testsAPI.PostPetInStoreWithFormData.updatePetWithInvalidFields(PostPetInStoreWithFormData.java:66)
at java.base/java.util.ArrayList.forEach(ArrayList.java:1541)
... Removed 31 stack frames]]>
    </failure>
  </testcase> <!-- updatePetWithInvalidFields -->
  <testcase classname="com.au.petstore.testsAPI.PostUploadPetImage" name="updateExistingPetWithImage" time="1.638"/>
  <testcase classname="com.au.petstore.testsAPI.PostUploadPetImage" name="updatePetWithDeletedPetID" time="2.697">
    <failure type="java.lang.AssertionError" message="
Expected: is &amp;lt;404&amp;gt;
     but: was &amp;lt;200&amp;gt;">
      <![CDATA[java.lang.AssertionError: 
Expected: is <404>
     but: was <200>
at org.hamcrest.MatcherAssert.assertThat(MatcherAssert.java:20)
at org.hamcrest.MatcherAssert.assertThat(MatcherAssert.java:6)
at com.au.petstore.testsAPI.PostUploadPetImage.updatePetWithDeletedPetID(PostUploadPetImage.java:83)
at java.base/java.util.ArrayList.forEach(ArrayList.java:1541)
... Removed 31 stack frames]]>
    </failure>
  </testcase> <!-- updatePetWithDeletedPetID -->
  <testcase classname="com.au.petstore.testsAPI.PostUploadPetImage" name="updatePetWithMandatoryFields" time="1.475">
    <failure type="java.lang.AssertionError" message="
Expected: is &amp;lt;200&amp;gt;
     but: was &amp;lt;404&amp;gt;">
      <![CDATA[java.lang.AssertionError: 
Expected: is <200>
     but: was <404>
at org.hamcrest.MatcherAssert.assertThat(MatcherAssert.java:20)
at org.hamcrest.MatcherAssert.assertThat(MatcherAssert.java:6)
at com.au.petstore.testsAPI.PostUploadPetImage.updatePetWithMandatoryFields(PostUploadPetImage.java:59)
at java.base/java.util.ArrayList.forEach(ArrayList.java:1541)
... Removed 31 stack frames]]>
    </failure>
  </testcase> <!-- updatePetWithMandatoryFields -->
  <testcase classname="com.au.petstore.testsAPI.PostUploadPetImage" name="updatePetWithoutMandatoryFields" time="1.391"/>
  <testcase classname="com.au.petstore.testsAPI.PutUpdateAnExistingPet" name="notAbleToCreatePetAsEmptyObjectError400" time="1.451">
    <failure type="java.lang.AssertionError" message="
Expected: is &amp;lt;400&amp;gt;
     but: was &amp;lt;200&amp;gt;">
      <![CDATA[java.lang.AssertionError: 
Expected: is <400>
     but: was <200>
at org.hamcrest.MatcherAssert.assertThat(MatcherAssert.java:20)
at org.hamcrest.MatcherAssert.assertThat(MatcherAssert.java:6)
at com.au.petstore.testsAPI.PutUpdateAnExistingPet.notAbleToCreatePetAsEmptyObjectError400(PutUpdateAnExistingPet.java:122)
at java.base/java.util.ArrayList.forEach(ArrayList.java:1541)
... Removed 31 stack frames]]>
    </failure>
  </testcase> <!-- notAbleToCreatePetAsEmptyObjectError400 -->
  <testcase classname="com.au.petstore.testsAPI.PutUpdateAnExistingPet" name="notAbleToCreatePetAsIDIsMissingError500" time="2.104"/>
  <testcase classname="com.au.petstore.testsAPI.PutUpdateAnExistingPet" name="notAbleToCreatePetWithoutBodyError405" time="1.395"/>
  <testcase classname="com.au.petstore.testsAPI.PutUpdateAnExistingPet" name="notAbleToUpdatePetBadRequestError400" time="1.333">
    <failure type="java.lang.AssertionError" message="
Expected: is &amp;lt;400&amp;gt;
     but: was &amp;lt;200&amp;gt;">
      <![CDATA[java.lang.AssertionError: 
Expected: is <400>
     but: was <200>
at org.hamcrest.MatcherAssert.assertThat(MatcherAssert.java:20)
at org.hamcrest.MatcherAssert.assertThat(MatcherAssert.java:6)
at com.au.petstore.testsAPI.PutUpdateAnExistingPet.notAbleToUpdatePetBadRequestError400(PutUpdateAnExistingPet.java:107)
at java.base/java.util.ArrayList.forEach(ArrayList.java:1541)
... Removed 31 stack frames]]>
    </failure>
  </testcase> <!-- notAbleToUpdatePetBadRequestError400 -->
  <testcase classname="com.au.petstore.testsAPI.PutUpdateAnExistingPet" name="updatePetWithDeletedPetID" time="2.789">
    <failure type="java.lang.AssertionError" message="
Expected: is &amp;lt;404&amp;gt;
     but: was &amp;lt;200&amp;gt;">
      <![CDATA[java.lang.AssertionError: 
Expected: is <404>
     but: was <200>
at org.hamcrest.MatcherAssert.assertThat(MatcherAssert.java:20)
at org.hamcrest.MatcherAssert.assertThat(MatcherAssert.java:6)
at com.au.petstore.testsAPI.PutUpdateAnExistingPet.updatePetWithDeletedPetID(PutUpdateAnExistingPet.java:78)
at java.base/java.util.ArrayList.forEach(ArrayList.java:1541)
... Removed 31 stack frames]]>
    </failure>
  </testcase> <!-- updatePetWithDeletedPetID -->
  <testcase classname="com.au.petstore.testsAPI.PutUpdateAnExistingPet" name="updatePetWithDifferentStatusForSamePetID" time="1.537"/>
  <testcase classname="com.au.petstore.testsAPI.PutUpdateAnExistingPet" name="updatePetWithDifferentStatusForSamePetID" time="1.328"/>
  <testcase classname="com.au.petstore.testsAPI.PutUpdateAnExistingPet" name="updatePetWithDifferentStatusForSamePetID" time="1.378"/>
  <testcase classname="com.au.petstore.testsAPI.PutUpdateAnExistingPet" name="updatePetWithMandatoryFields" time="1.569"/>
  <testcase classname="com.au.petstore.testsAPI.PutUpdateAnExistingPet" name="updatePetWithoutMandatoryFieldsError400" time="1.432">
    <failure type="java.lang.AssertionError" message="
Expected: is &amp;lt;400&amp;gt;
     but: was &amp;lt;200&amp;gt;">
      <![CDATA[java.lang.AssertionError: 
Expected: is <400>
     but: was <200>
at org.hamcrest.MatcherAssert.assertThat(MatcherAssert.java:20)
at org.hamcrest.MatcherAssert.assertThat(MatcherAssert.java:6)
at com.au.petstore.testsAPI.PutUpdateAnExistingPet.updatePetWithoutMandatoryFieldsError400(PutUpdateAnExistingPet.java:92)
at java.base/java.util.ArrayList.forEach(ArrayList.java:1541)
... Removed 31 stack frames]]>
    </failure>
  </testcase> <!-- updatePetWithoutMandatoryFieldsError400 -->
  <testcase classname="com.au.petstore.utils.TestUtils" name="@BeforeSuite cleanAllureResultsFolder" time="0.0">
    <ignored/>
  </testcase> <!-- @BeforeSuite cleanAllureResultsFolder -->
  <testcase classname="com.au.petstore.utils.TestUtils" name="@BeforeSuite cleanAllureResultsFolder" time="0.0">
    <ignored/>
  </testcase> <!-- @BeforeSuite cleanAllureResultsFolder -->
  <testcase classname="com.au.petstore.utils.TestUtils" name="@BeforeSuite cleanAllureResultsFolder" time="0.0">
    <ignored/>
  </testcase> <!-- @BeforeSuite cleanAllureResultsFolder -->
  <testcase classname="com.au.petstore.utils.TestUtils" name="@BeforeSuite cleanAllureResultsFolder" time="0.0">
    <ignored/>
  </testcase> <!-- @BeforeSuite cleanAllureResultsFolder -->
  <testcase classname="com.au.petstore.utils.TestUtils" name="@BeforeSuite cleanAllureResultsFolder" time="0.0">
    <ignored/>
  </testcase> <!-- @BeforeSuite cleanAllureResultsFolder -->
  <testcase classname="com.au.petstore.utils.TestUtils" name="@BeforeSuite cleanAllureResultsFolder" time="0.0">
    <ignored/>
  </testcase> <!-- @BeforeSuite cleanAllureResultsFolder -->
</testsuite> <!-- PetStoreTests -->
