<?xml version="1.0" encoding="UTF-8"?>
<testsuite xmlns:xsi="http://www.w3.org/2001/XMLSchema-instance" xsi:noNamespaceSchemaLocation="https://maven.apache.org/surefire/maven-surefire-plugin/xsd/surefire-test-report-3.0.xsd" version="3.0" name="TestSuite" time="91.587" tests="40" errors="0" skipped="0" failures="13">
  <properties>
[...]
</properties>
  <testcase name="deleteNonExistencePetIDFromTheStore" classname="com.au.petstore.testsAPI.DeletePet" time="11.227">
    <system-out><![CDATA[Request method:	POST
Request URI:	https://petstore.swagger.io/v2/pet/
Proxy:			<none>
Request params:	<none>
Query params:	<none>
Form params:	<none>
Path params:	<none>
Headers:		api_key=special-key
				Accept=*/*
				Content-Type=application/json
Cookies:		<none>
Multiparts:		<none>
Body:
{
    "id": 574371,
    "category": {
        "id": 101,
        "name": "German"
    },
    "name": "Jackie",
    "photoUrls": [
        "https://petstore.com/Images"
    ],
    "tags": [
        {
            "id": 101,
            "name": "Australia"
        }
    ],
    "status": "available"
}
HTTP/1.1 200 OK
Date: Fri, 02 Aug 2024 23:13:07 GMT
Content-Type: application/json
Transfer-Encoding: chunked
Connection: keep-alive
Access-Control-Allow-Origin: *
Access-Control-Allow-Methods: GET, POST, DELETE, PUT
Access-Control-Allow-Headers: Content-Type, api_key, Authorization
Server: Jetty(9.2.9.v20150224)

{
    "id": 574371,
    "category": {
        "id": 101,
        "name": "German"
    },
    "name": "Jackie",
    "photoUrls": [
        "https://petstore.com/Images"
    ],
    "tags": [
        {
            "id": 101,
            "name": "Australia"
        }
    ],
    "status": "available"
}
Request method:	DELETE
Request URI:	https://petstore.swagger.io/v2/pet/574371
Proxy:			<none>
Request params:	<none>
Query params:	<none>
Form params:	<none>
Path params:	petID=574371
Headers:		api_key=special-key
				Accept=*/*
				Content-Type=application/json
Cookies:		<none>
Multiparts:		<none>
Body:			<none>
HTTP/1.1 200 OK
Date: Fri, 02 Aug 2024 23:13:08 GMT
Content-Type: application/json
Transfer-Encoding: chunked
Connection: keep-alive
Access-Control-Allow-Origin: *
Access-Control-Allow-Methods: GET, POST, DELETE, PUT
Access-Control-Allow-Headers: Content-Type, api_key, Authorization
Server: Jetty(9.2.9.v20150224)

{
    "code": 200,
    "type": "unknown",
    "message": "574371"
}
Request method:	DELETE
Request URI:	https://petstore.swagger.io/v2/pet/574371
Proxy:			<none>
Request params:	<none>
Query params:	<none>
Form params:	<none>
Path params:	petID=574371
Headers:		api_key=special-key
				Accept=*/*
				Content-Type=application/json
Cookies:		<none>
Multiparts:		<none>
Body:			<none>
HTTP/1.1 404 Not Found
Date: Fri, 02 Aug 2024 23:13:10 GMT
Content-Length: 0
Connection: keep-alive
Access-Control-Allow-Origin: *
Access-Control-Allow-Methods: GET, POST, DELETE, PUT
Access-Control-Allow-Headers: Content-Type, api_key, Authorization
Server: Jetty(9.2.9.v20150224)
]]></system-out>
    <system-err><![CDATA[SLF4J: Failed to load class "org.slf4j.impl.StaticLoggerBinder".
SLF4J: Defaulting to no-operation (NOP) logger implementation
SLF4J: See http://www.slf4j.org/codes.html#StaticLoggerBinder for further details.
]]></system-err>
  </testcase>
  <testcase name="deletePetFromTheStoreWithValidPetID" classname="com.au.petstore.testsAPI.DeletePet" time="2.978">
    <system-out><![CDATA[Request method:	POST
Request URI:	https://petstore.swagger.io/v2/pet/
Proxy:			<none>
Request params:	<none>
Query params:	<none>
Form params:	<none>
Path params:	<none>
Headers:		api_key=special-key
				Accept=*/*
				Content-Type=application/json
Cookies:		<none>
Multiparts:		<none>
Body:
{
    "id": 574371,
    "category": {
        "id": 101,
        "name": "German"
    },
    "name": "Jackie",
    "photoUrls": [
        "https://petstore.com/Images"
    ],
    "tags": [
        {
            "id": 101,
            "name": "Australia"
        }
    ],
    "status": "available"
}
HTTP/1.1 200 OK
Date: Fri, 02 Aug 2024 23:13:12 GMT
Content-Type: application/json
Transfer-Encoding: chunked
Connection: keep-alive
Access-Control-Allow-Origin: *
Access-Control-Allow-Methods: GET, POST, DELETE, PUT
Access-Control-Allow-Headers: Content-Type, api_key, Authorization
Server: Jetty(9.2.9.v20150224)

{
    "id": 574371,
    "category": {
        "id": 101,
        "name": "German"
    },
    "name": "Jackie",
    "photoUrls": [
        "https://petstore.com/Images"
    ],
    "tags": [
        {
            "id": 101,
            "name": "Australia"
        }
    ],
    "status": "available"
}
Request method:	DELETE
Request URI:	https://petstore.swagger.io/v2/pet/574371
Proxy:			<none>
Request params:	<none>
Query params:	<none>
Form params:	<none>
Path params:	petID=574371
Headers:		api_key=special-key
				Accept=*/*
				Content-Type=application/json
Cookies:		<none>
Multiparts:		<none>
Body:			<none>
HTTP/1.1 200 OK
Date: Fri, 02 Aug 2024 23:13:13 GMT
Content-Type: application/json
Transfer-Encoding: chunked
Connection: keep-alive
Access-Control-Allow-Origin: *
Access-Control-Allow-Methods: GET, POST, DELETE, PUT
Access-Control-Allow-Headers: Content-Type, api_key, Authorization
Server: Jetty(9.2.9.v20150224)

{
    "code": 200,
    "type": "unknown",
    "message": "574371"
}
]]></system-out>
  </testcase>
  <testcase name="deletePetIDFromTheStoreWithoutMandatoryFieldPetID" classname="com.au.petstore.testsAPI.DeletePet" time="1.407">
    <system-out><![CDATA[Request method:	DELETE
Request URI:	https://petstore.swagger.io/v2/pet/
Proxy:			<none>
Request params:	<none>
Query params:	<none>
Form params:	<none>
Path params:	petID=
Headers:		api_key=special-key
				Accept=*/*
				Content-Type=application/json
Cookies:		<none>
Multiparts:		<none>
Body:			<none>
HTTP/1.1 405 Method Not Allowed
Date: Fri, 02 Aug 2024 23:13:14 GMT
Content-Type: application/xml
Content-Length: 102
Connection: keep-alive
Access-Control-Allow-Origin: *
Access-Control-Allow-Methods: GET, POST, DELETE, PUT
Access-Control-Allow-Headers: Content-Type, api_key, Authorization
Server: Jetty(9.2.9.v20150224)

<apiResponse>
  <type>unknown</type>
</apiResponse>
]]></system-out>
  </testcase>
  <testcase name="getPetByID" classname="com.au.petstore.testsAPI.GetPetByID" time="1.452">
    <system-out><![CDATA[Request method:	POST
Request URI:	https://petstore.swagger.io/v2/pet/
Proxy:			<none>
Request params:	<none>
Query params:	<none>
Form params:	<none>
Path params:	<none>
Headers:		api_key=special-key
				Accept=*/*
				Content-Type=application/json
Cookies:		<none>
Multiparts:		<none>
Body:
{
    "id": 281261,
    "category": {
        "id": 101,
        "name": "German"
    },
    "name": "Jackie",
    "photoUrls": [
        "https://petstore.com/Images"
    ],
    "tags": [
        {
            "id": 101,
            "name": "Australia"
        }
    ],
    "status": "available"
}
HTTP/1.1 200 OK
Date: Fri, 02 Aug 2024 23:13:16 GMT
Content-Type: application/json
Transfer-Encoding: chunked
Connection: keep-alive
Access-Control-Allow-Origin: *
Access-Control-Allow-Methods: GET, POST, DELETE, PUT
Access-Control-Allow-Headers: Content-Type, api_key, Authorization
Server: Jetty(9.2.9.v20150224)

{
    "id": 281261,
    "category": {
        "id": 101,
        "name": "German"
    },
    "name": "Jackie",
    "photoUrls": [
        "https://petstore.com/Images"
    ],
    "tags": [
        {
            "id": 101,
            "name": "Australia"
        }
    ],
    "status": "available"
}
Request method:	GET
Request URI:	https://petstore.swagger.io/v2/pet/281261
Proxy:			<none>
Request params:	<none>
Query params:	<none>
Form params:	<none>
Path params:	petID=281261
Headers:		api_key=special-key
				Accept=*/*
				Content-Type=application/json
Cookies:		<none>
Multiparts:		<none>
Body:			<none>
HTTP/1.1 200 OK
Date: Fri, 02 Aug 2024 23:13:18 GMT
Content-Type: application/json
Transfer-Encoding: chunked
Connection: keep-alive
Access-Control-Allow-Origin: *
Access-Control-Allow-Methods: GET, POST, DELETE, PUT
Access-Control-Allow-Headers: Content-Type, api_key, Authorization
Server: Jetty(9.2.9.v20150224)

{
    "id": 281261,
    "category": {
        "id": 101,
        "name": "German"
    },
    "name": "Jackie",
    "photoUrls": [
        "https://petstore.com/Images"
    ],
    "tags": [
        {
            "id": 101,
            "name": "Australia"
        }
    ],
    "status": "available"
}
]]></system-out>
  </testcase>
  <testcase name="getDeletePetAsNotFound" classname="com.au.petstore.testsAPI.GetPetByID" time="2.839">
    <system-out><![CDATA[Request method:	DELETE
Request URI:	https://petstore.swagger.io/v2/pet/281261
Proxy:			<none>
Request params:	<none>
Query params:	<none>
Form params:	<none>
Path params:	petID=281261
Headers:		api_key=special-key
				Accept=*/*
				Content-Type=application/json
Cookies:		<none>
Multiparts:		<none>
Body:			<none>
HTTP/1.1 200 OK
Date: Fri, 02 Aug 2024 23:13:19 GMT
Content-Type: application/json
Transfer-Encoding: chunked
Connection: keep-alive
Access-Control-Allow-Origin: *
Access-Control-Allow-Methods: GET, POST, DELETE, PUT
Access-Control-Allow-Headers: Content-Type, api_key, Authorization
Server: Jetty(9.2.9.v20150224)

{
    "code": 200,
    "type": "unknown",
    "message": "281261"
}
Request method:	GET
Request URI:	https://petstore.swagger.io/v2/pet/281261
Proxy:			<none>
Request params:	<none>
Query params:	<none>
Form params:	<none>
Path params:	petID=281261
Headers:		api_key=special-key
				Accept=*/*
				Content-Type=application/json
Cookies:		<none>
Multiparts:		<none>
Body:			<none>
HTTP/1.1 404 Not Found
Date: Fri, 02 Aug 2024 23:13:20 GMT
Content-Type: application/json
Transfer-Encoding: chunked
Connection: keep-alive
Access-Control-Allow-Origin: *
Access-Control-Allow-Methods: GET, POST, DELETE, PUT
Access-Control-Allow-Headers: Content-Type, api_key, Authorization
Server: Jetty(9.2.9.v20150224)

{
    "code": 1,
    "type": "error",
    "message": "Pet not found"
}
]]></system-out>
  </testcase>
  <testcase name="getPetByInvalidID" classname="com.au.petstore.testsAPI.GetPetByID" time="1.534">
    <system-out><![CDATA[Request method:	GET
Request URI:	https://petstore.swagger.io/v2/pet/
Proxy:			<none>
Request params:	<none>
Query params:	<none>
Form params:	<none>
Path params:	petID=
Headers:		api_key=special-key
				Accept=*/*
				Content-Type=application/json
Cookies:		<none>
Multiparts:		<none>
Body:			<none>
HTTP/1.1 405 Method Not Allowed
Date: Fri, 02 Aug 2024 23:13:22 GMT
Content-Type: application/xml
Content-Length: 102
Connection: keep-alive
Access-Control-Allow-Origin: *
Access-Control-Allow-Methods: GET, POST, DELETE, PUT
Access-Control-Allow-Headers: Content-Type, api_key, Authorization
Server: Jetty(9.2.9.v20150224)

<apiResponse>
  <type>unknown</type>
</apiResponse>
]]></system-out>
  </testcase>
  <testcase name="getPetByInvalidStatus" classname="com.au.petstore.testsAPI.GetPetByStatus" time="1.453">
    <failure message="&#10;Expected: is &lt;400&gt;&#10;     but: was &lt;200&gt;" type="java.lang.AssertionError"><![CDATA[java.lang.AssertionError: 

Expected: is <400>
     but: was <200>
	at org.hamcrest.MatcherAssert.assertThat(MatcherAssert.java:20)
	at org.hamcrest.MatcherAssert.assertThat(MatcherAssert.java:6)
	at com.au.petstore.testsAPI.GetPetByStatus.getPetByInvalidStatus(GetPetByStatus.java:56)
	at java.base/jdk.internal.reflect.NativeMethodAccessorImpl.invoke0(Native Method)
	at java.base/jdk.internal.reflect.NativeMethodAccessorImpl.invoke(NativeMethodAccessorImpl.java:62)
	at java.base/jdk.internal.reflect.DelegatingMethodAccessorImpl.invoke(DelegatingMethodAccessorImpl.java:43)
	at java.base/java.lang.reflect.Method.invoke(Method.java:566)
	at org.testng.internal.invokers.MethodInvocationHelper.invokeMethod(MethodInvocationHelper.java:139)
	at org.testng.internal.invokers.TestInvoker.invokeMethod(TestInvoker.java:664)
	at org.testng.internal.invokers.TestInvoker.invokeTestMethod(TestInvoker.java:227)
	at org.testng.internal.invokers.MethodRunner.runInSequence(MethodRunner.java:50)
	at org.testng.internal.invokers.TestInvoker$MethodInvocationAgent.invoke(TestInvoker.java:957)
	at org.testng.internal.invokers.TestInvoker.invokeTestMethods(TestInvoker.java:200)
	at org.testng.internal.invokers.TestMethodWorker.invokeTestMethods(TestMethodWorker.java:148)
	at org.testng.internal.invokers.TestMethodWorker.run(TestMethodWorker.java:128)
	at java.base/java.util.ArrayList.forEach(ArrayList.java:1541)
	at org.testng.TestRunner.privateRun(TestRunner.java:848)
	at org.testng.TestRunner.run(TestRunner.java:621)
	at org.testng.SuiteRunner.runTest(SuiteRunner.java:443)
	at org.testng.SuiteRunner.runSequentially(SuiteRunner.java:437)
	at org.testng.SuiteRunner.privateRun(SuiteRunner.java:397)
	at org.testng.SuiteRunner.run(SuiteRunner.java:336)
	at org.testng.SuiteRunnerWorker.runSuite(SuiteRunnerWorker.java:52)
	at org.testng.SuiteRunnerWorker.run(SuiteRunnerWorker.java:95)
	at org.testng.TestNG.runSuitesSequentially(TestNG.java:1280)
	at org.testng.TestNG.runSuitesLocally(TestNG.java:1200)
	at org.testng.TestNG.runSuites(TestNG.java:1114)
	at org.testng.TestNG.run(TestNG.java:1082)
	at org.apache.maven.surefire.testng.TestNGExecutor.run(TestNGExecutor.java:308)
	at org.apache.maven.surefire.testng.TestNGXmlTestSuite.execute(TestNGXmlTestSuite.java:71)
	at org.apache.maven.surefire.testng.TestNGProvider.invoke(TestNGProvider.java:113)
	at org.apache.maven.surefire.booter.ForkedBooter.runSuitesInProcess(ForkedBooter.java:385)
	at org.apache.maven.surefire.booter.ForkedBooter.execute(ForkedBooter.java:162)
	at org.apache.maven.surefire.booter.ForkedBooter.run(ForkedBooter.java:507)
	at org.apache.maven.surefire.booter.ForkedBooter.main(ForkedBooter.java:495)
]]></failure>
    <system-out><![CDATA[Request method:	GET
Request URI:	https://petstore.swagger.io/v2/pet/findByStatus/?status=1234
Proxy:			<none>
Request params:	status=1234
Query params:	<none>
Form params:	<none>
Path params:	<none>
Headers:		api_key=special-key
				Accept=*/*
				Content-Type=application/json
Cookies:		<none>
Multiparts:		<none>
Body:			<none>
HTTP/1.1 200 OK
Date: Fri, 02 Aug 2024 23:13:23 GMT
Content-Type: application/json
Transfer-Encoding: chunked
Connection: keep-alive
Access-Control-Allow-Origin: *
Access-Control-Allow-Methods: GET, POST, DELETE, PUT
Access-Control-Allow-Headers: Content-Type, api_key, Authorization
Server: Jetty(9.2.9.v20150224)

[
    
]
]]></system-out>
  </testcase>
  <testcase name="getPetByRemovingStatus" classname="com.au.petstore.testsAPI.GetPetByStatus" time="1.208">
    <failure message="&#10;Expected: is &lt;405&gt;&#10;     but: was &lt;200&gt;" type="java.lang.AssertionError"><![CDATA[java.lang.AssertionError: 

Expected: is <405>
     but: was <200>
	at org.hamcrest.MatcherAssert.assertThat(MatcherAssert.java:20)
	at org.hamcrest.MatcherAssert.assertThat(MatcherAssert.java:6)
	at com.au.petstore.testsAPI.GetPetByStatus.getPetByRemovingStatus(GetPetByStatus.java:68)
	at java.base/jdk.internal.reflect.NativeMethodAccessorImpl.invoke0(Native Method)
	at java.base/jdk.internal.reflect.NativeMethodAccessorImpl.invoke(NativeMethodAccessorImpl.java:62)
	at java.base/jdk.internal.reflect.DelegatingMethodAccessorImpl.invoke(DelegatingMethodAccessorImpl.java:43)
	at java.base/java.lang.reflect.Method.invoke(Method.java:566)
	at org.testng.internal.invokers.MethodInvocationHelper.invokeMethod(MethodInvocationHelper.java:139)
	at org.testng.internal.invokers.TestInvoker.invokeMethod(TestInvoker.java:664)
	at org.testng.internal.invokers.TestInvoker.invokeTestMethod(TestInvoker.java:227)
	at org.testng.internal.invokers.MethodRunner.runInSequence(MethodRunner.java:50)
	at org.testng.internal.invokers.TestInvoker$MethodInvocationAgent.invoke(TestInvoker.java:957)
	at org.testng.internal.invokers.TestInvoker.invokeTestMethods(TestInvoker.java:200)
	at org.testng.internal.invokers.TestMethodWorker.invokeTestMethods(TestMethodWorker.java:148)
	at org.testng.internal.invokers.TestMethodWorker.run(TestMethodWorker.java:128)
	at java.base/java.util.ArrayList.forEach(ArrayList.java:1541)
	at org.testng.TestRunner.privateRun(TestRunner.java:848)
	at org.testng.TestRunner.run(TestRunner.java:621)
	at org.testng.SuiteRunner.runTest(SuiteRunner.java:443)
	at org.testng.SuiteRunner.runSequentially(SuiteRunner.java:437)
	at org.testng.SuiteRunner.privateRun(SuiteRunner.java:397)
	at org.testng.SuiteRunner.run(SuiteRunner.java:336)
	at org.testng.SuiteRunnerWorker.runSuite(SuiteRunnerWorker.java:52)
	at org.testng.SuiteRunnerWorker.run(SuiteRunnerWorker.java:95)
	at org.testng.TestNG.runSuitesSequentially(TestNG.java:1280)
	at org.testng.TestNG.runSuitesLocally(TestNG.java:1200)
	at org.testng.TestNG.runSuites(TestNG.java:1114)
	at org.testng.TestNG.run(TestNG.java:1082)
	at org.apache.maven.surefire.testng.TestNGExecutor.run(TestNGExecutor.java:308)
	at org.apache.maven.surefire.testng.TestNGXmlTestSuite.execute(TestNGXmlTestSuite.java:71)
	at org.apache.maven.surefire.testng.TestNGProvider.invoke(TestNGProvider.java:113)
	at org.apache.maven.surefire.booter.ForkedBooter.runSuitesInProcess(ForkedBooter.java:385)
	at org.apache.maven.surefire.booter.ForkedBooter.execute(ForkedBooter.java:162)
	at org.apache.maven.surefire.booter.ForkedBooter.run(ForkedBooter.java:507)
	at org.apache.maven.surefire.booter.ForkedBooter.main(ForkedBooter.java:495)
]]></failure>
    <system-out><![CDATA[Request method:	GET
Request URI:	https://petstore.swagger.io/v2/pet/findByStatus/?status=
Proxy:			<none>
Request params:	status=
Query params:	<none>
Form params:	<none>
Path params:	<none>
Headers:		api_key=special-key
				Accept=*/*
				Content-Type=application/json
Cookies:		<none>
Multiparts:		<none>
Body:			<none>
HTTP/1.1 200 OK
Date: Fri, 02 Aug 2024 23:13:25 GMT
Content-Type: application/json
Transfer-Encoding: chunked
Connection: keep-alive
Access-Control-Allow-Origin: *
Access-Control-Allow-Methods: GET, POST, DELETE, PUT
Access-Control-Allow-Headers: Content-Type, api_key, Authorization
Server: Jetty(9.2.9.v20150224)

[
    {
        "id": 9222968140498488742,
        "category": {
            "id": -66855083,
            "name": "Барсик"
        },
        "photoUrls": [
            
        ],
        "tags": [
            {
                "id": 83715687,
                "name": "Котик"
            },
            {
                "id": 0,
                "name": ""
            }
        ],
        "status": ""
    }
]
]]></system-out>
  </testcase>
  <testcase name="getPetByStatus[available](1)" classname="com.au.petstore.testsAPI.GetPetByStatus" time="3.453">
    <system-out><![CDATA[Request method:	POST
Request URI:	https://petstore.swagger.io/v2/pet/
Proxy:			<none>
Request params:	<none>
Query params:	<none>
Form params:	<none>
Path params:	<none>
Headers:		api_key=special-key
				Accept=*/*
				Content-Type=application/json
Cookies:		<none>
Multiparts:		<none>
Body:
{
    "id": 422798,
    "category": {
        "id": 101,
        "name": "German"
    },
    "name": "Jackie",
    "photoUrls": [
        "https://petstore.com/Images"
    ],
    "tags": [
        {
            "id": 101,
            "name": "Australia"
        }
    ],
    "status": "available"
}
HTTP/1.1 200 OK
Date: Fri, 02 Aug 2024 23:13:26 GMT
Content-Type: application/json
Transfer-Encoding: chunked
Connection: keep-alive
Access-Control-Allow-Origin: *
Access-Control-Allow-Methods: GET, POST, DELETE, PUT
Access-Control-Allow-Headers: Content-Type, api_key, Authorization
Server: Jetty(9.2.9.v20150224)

{
    "id": 422798,
    "category": {
        "id": 101,
        "name": "German"
    },
    "name": "Jackie",
    "photoUrls": [
        "https://petstore.com/Images"
    ],
    "tags": [
        {
            "id": 101,
            "name": "Australia"
        }
    ],
    "status": "available"
}
Request method:	GET
Request URI:	https://petstore.swagger.io/v2/pet/findByStatus/?status=available
Proxy:			<none>
Request params:	status=available
Query params:	<none>
Form params:	<none>
Path params:	<none>
Headers:		api_key=special-key
				Accept=*/*
				Content-Type=application/json
Cookies:		<none>
Multiparts:		<none>
Body:			<none>
HTTP/1.1 200 OK
Date: Fri, 02 Aug 2024 23:13:28 GMT
Content-Type: application/json
Transfer-Encoding: chunked
Connection: keep-alive
Access-Control-Allow-Origin: *
Access-Control-Allow-Methods: GET, POST, DELETE, PUT
Access-Control-Allow-Headers: Content-Type, api_key, Authorization
Server: Jetty(9.2.9.v20150224)

[
    {
        "id": 9223372036854572248,
        "category": {
            "id": 0,
            "name": "string"
        },
        "name": "doggie",
        "photoUrls": [
            "string"
        ],
        "tags": [
            {
                "id": 0,
                "name": "string"
            }
        ],
        "status": "available"
    },
    {
        "id": 9223372036854572254,
        "category": {
            "id": 0,
            "name": "dogs"
        },
        "name": "Vaguito3",
        "photoUrls": [
            "string"
        ],
        "tags": [
            {
                "id": 0,
                "name": "string"
            }
        ],
        "status": "available"
    },
    {
        "id": 9223372036854572255,
        "category": {
            "id": 0,
            "name": "string"
        },
        "name": "fish",
        "photoUrls": [
            "string"
        ],
        "tags": [
            {
                "id": 0,
                "name": "string"
            }
        ],
        "status": "available"
    },
    {
        "id": 9223372036854572258,
        "category": {
            "id": 0,
            "name": "string"
        },
        "name": "doggie",
        "photoUrls": [
            "string"
        ],
        "tags": [
            {
                "id": 0,
                "name": "string"
            }
        ],
        "status": "available"
    },
    {
        "id": 9223372036854572262,
        "category": {
            "id": 0,
            "name": "dogs"
        },
        "name": "Vaguito3",
        "photoUrls": [
            "string"
        ],
        "tags": [
            {
                "id": 0,
                "name": "string"
            }
        ],
        "status": "available"
    },
    {
        "id": 9223372036854572265,
        "category": {
            "id": 0,
            "name": "string"
        },
        "name": "fish",
        "photoUrls": [
            "string"
        ],
        "tags": [
            {
                "id": 0,
                "name": "string"
            }
        ],
        "status": "available"
    },
    {
        "id": 9223372036854572266,
        "category": {
            "id": 0,
            "name": "string"
        },
        "name": "fish",
        "photoUrls": [
            "string"
        ],
        "tags": [
            {
                "id": 0,
                "name": "string"
            }
        ],
        "status": "available"
    },
    {
        "id": 9223372036854572267,
        "category": {
            "id": 0,
            "name": "string"
        },
        "name": "Puff",
        "photoUrls": [
            "string"
        ],
        "tags": [
            {
                "id": 0,
                "name": "string"
            }
        ],
        "status": "available"
    },
    {
        "id": 9223372036854572272,
        "category": {
            "id": 0,
            "name": "string"
        },
        "name": "doggie",
        "photoUrls": [
            "string"
        ],
        "tags": [
            {
                "id": 0,
                "name": "string"
            }
        ],
        "status": "available"
    },
    {
        "id": 9223372036854572273,
        "category": {
            "id": 0,
            "name": "string"
        },
        "name": "doggie'sLu",
        "photoUrls": [
            "string"
        ],
        "tags": [
            {
                "id": 0,
                "name": "string"
            }
        ],
        "status": "available"
    },
    {
        "id": 9223372036854572274,
        "category": {
            "id": 0,
            "name": "string"
        },
        "name": "doggie",
        "photoUrls": [
            "string"
        ],
        "tags": [
            {
                "id": 0,
                "name": "string"
            }
        ],
        "status": "available"
    },
    {
        "id": 9223372036854572275,
        "category": {
            "id": 0,
            "name": "string"
        },
        "name": "doggie'sLu",
        "photoUrls": [
            "string"
        ],
        "tags": [
            {
                "id": 0,
                "name": "string"
            }
        ],
        "status": "available"
    },
    {
        "id": 9223372036854572278,
        "category": {
            "id": 0,
            "name": "string"
        },
        "name": "fish",
        "photoUrls": [
            "string"
        ],
        "tags": [
            {
                "id": 0,
                "name": "string"
            }
        ],
        "status": "available"
    },
    {
        "id": 9223372036854572282,
        "category": {
            "id": 0,
            "name": "string"
        },
        "name": "fish",
        "photoUrls": [
            "string"
        ],
        "tags": [
            {
                "id": 0,
                "name": "string"
            }
        ],
        "status": "available"
    },
    {
        "id": 9223372036854572283,
        "category": {
            "id": 0,
            "name": "string"
        },
        "name": "fish",
        "photoUrls": [
            "string"
        ],
        "tags": [
            {
                "id": 0,
                "name": "string"
            }
        ],
        "status": "available"
    },
    {
        "id": 9223372036854572288,
        "category": {
            "id": 0,
            "name": "string"
        },
        "name": "fish",
        "photoUrls": [
            "string"
        ],
        "tags": [
            {
                "id": 0,
                "name": "string"
            }
        ],
        "status": "available"
    },
    {
        "id": 9223372036854572289,
        "category": {
            "id": 0,
            "name": "string"
        },
        "name": "doggie'sLu",
        "photoUrls": [
            "string"
        ],
        "tags": [
            {
                "id": 0,
                "name": "string"
            }
        ],
        "status": "available"
    },
    {
        "id": 9223372036854572290,
        "category": {
            "id": 0,
            "name": "string"
        },
        "name": "doggie'sLu",
        "photoUrls": [
            "string"
        ],
        "tags": [
            {
                "id": 0,
                "name": "string"
            }
        ],
        "status": "available"
    },
    {
        "id": 304,
        "category": {
            "id": 304,
            "name": "shibaInu"
        },
        "name": "shibaInu",
        "photoUrls": [
            "www.petstore.com/shibaInu"
        ],
        "tags": [
            {
                "id": 304,
                "name": "shibaInu"
            }
        ],
        "status": "available"
    },
    {
        "id": 9223372036854572329,
        "category": {
            "id": 0,
            "name": "string"
        },
        "name": "Akira",
        "photoUrls": [
            "string"
        ],
        "tags": [
            {
                "id": 0,
                "name": "string"
            }
        ],
        "status": "available"
    },
    {
        "id": 9223372036854572336,
        "category": {
            "id": 0,
            "name": "string"
        },
        "name": "fish",
        "photoUrls": [
            "string"
        ],
        "tags": [
            {
                "id": 0,
                "name": "string"
            }
        ],
        "status": "available"
    },
    {
        "id": 9223372036854572340,
        "category": {
            "id": 0,
            "name": "string"
        },
        "name": "fish",
        "photoUrls": [
            "string"
        ],
        "tags": [
            {
                "id": 0,
                "name": "string"
            }
        ],
        "status": "available"
    },
    {
        "id": 9223372036854572341,
        "category": {
            "id": 0,
            "name": "string"
        },
        "name": "Puff",
        "photoUrls": [
            "string"
        ],
        "tags": [
            {
                "id": 0,
                "name": "string"
            }
        ],
        "status": "available"
    },
    {
        "id": 9223372036854572352,
        "category": {
            "id": 0,
            "name": "string"
        },
        "name": "fish",
        "photoUrls": [
            "string"
        ],
        "tags": [
            {
                "id": 0,
                "name": "string"
            }
        ],
        "status": "available"
    },
    {
        "id": 9223372036854572374,
        "category": {
            "id": 0,
            "name": "string"
        },
        "name": "fish",
        "photoUrls": [
            "string"
        ],
        "tags": [
            {
                "id": 0,
                "name": "string"
            }
        ],
        "status": "available"
    },
    {
        "id": 9223372036854572396,
        "category": {
            "id": 0,
            "name": "string"
        },
        "name": "fish",
        "photoUrls": [
            "string"
        ],
        "tags": [
            {
                "id": 0,
                "name": "string"
            }
        ],
        "status": "available"
    },
    {
        "id": 9223372036854572403,
        "category": {
            "id": 0,
            "name": "string"
        },
        "name": "doggie",
        "photoUrls": [
            "string"
        ],
        "tags": [
            {
                "id": 0,
                "name": "string"
            }
        ],
        "status": "available"
    },
    {
        "id": 9223372036854572411,
        "category": {
            "id": 0,
            "name": "string"
        },
        "name": "ginger_cats",
        "photoUrls": [
            "string"
        ],
        "tags": [
            {
                "id": 0,
                "name": "string"
            }
        ],
        "status": "available"
    },
    {
        "id": 9223372036854572413,
        "category": {
            "id": 0,
            "name": "string"
        },
        "name": "fish",
        "photoUrls": [
            "string"
        ],
        "tags": [
            {
                "id": 0,
                "name": "string"
            }
        ],
        "status": "available"
    },
    {
        "id": 9223372036854572414,
        "category": {
            "id": 0,
            "name": "string"
        },
        "name": "fish",
        "photoUrls": [
            "string"
        ],
        "tags": [
            {
                "id": 0,
                "name": "string"
            }
        ],
        "status": "available"
    },
    {
        "id": 9223372036854572416,
        "category": {
            "id": 0,
            "name": "string"
        },
        "name": "Puff",
        "photoUrls": [
            "string"
        ],
        "tags": [
            {
                "id": 0,
                "name": "string"
            }
        ],
        "status": "available"
    },
    {
        "id": 9223372036854572425,
        "category": {
            "id": 0,
            "name": "string"
        },
        "name": "doggie",
        "photoUrls": [
            "string"
        ],
        "tags": [
            {
                "id": 0,
                "name": "string"
            }
        ],
        "status": "available"
    },
    {
        "id": 9223372036854572429,
        "category": {
            "id": 0,
            "name": "string"
        },
        "name": "doggie",
        "photoUrls": [
            "string"
        ],
        "tags": [
            {
                "id": 0,
                "name": "string"
            }
        ],
        "status": "available"
    },
    {
        "id": 9223372036854572432,
        "category": {
            "id": 0,
            "name": "string"
        },
        "name": "fish",
        "photoUrls": [
            "string"
        ],
        "tags": [
            {
                "id": 0,
                "name": "string"
            }
        ],
        "status": "available"
    },
    {
        "id": 9223372036854572433,
        "category": {
            "id": 0,
            "name": "string"
        },
        "name": "fish",
        "photoUrls": [
            "string"
        ],
        "tags": [
            {
                "id": 0,
                "name": "string"
            }
        ],
        "status": "available"
    },
    {
        "id": 9223372036854572434,
        "category": {
            "id": 0,
            "name": "string"
        },
        "name": "fish",
        "photoUrls": [
            "string"
        ],
        "tags": [
            {
                "id": 0,
                "name": "string"
            }
        ],
        "status": "available"
    },
    {
        "id": 9223372036854572435,
        "category": {
            "id": 0,
            "name": "string"
        },
        "name": "fish",
        "photoUrls": [
            "string"
        ],
        "tags": [
            {
                "id": 0,
                "name": "string"
            }
        ],
        "status": "available"
    },
    {
        "id": 9223372036854572442,
        "category": {
            "id": 0,
            "name": "dogs"
        },
        "name": "vaguito",
        "photoUrls": [
            "string"
        ],
        "tags": [
            {
                "id": 0,
                "name": "string"
            }
        ],
        "status": "available"
    },
    {
        "id": 1001,
        "category": {
            "id": 2,
            "name": "string"
        },
        "name": "ginger_dogs",
        "photoUrls": [
            "string"
        ],
        "tags": [
            {
                "id": 0,
                "name": "string"
            }
        ],
        "status": "available"
    },
    {
        "id": 9223372036854572467,
        "category": {
            "id": 0,
            "name": "string"
        },
        "name": "fish",
        "photoUrls": [
            "string"
        ],
        "tags": [
            {
                "id": 0,
                "name": "string"
            }
        ],
        "status": "available"
    },
    {
        "id": 9223372036854572468,
        "category": {
            "id": 0,
            "name": "string"
        },
        "name": "fish",
        "photoUrls": [
            "string"
        ],
        "tags": [
            {
                "id": 0,
                "name": "string"
            }
        ],
        "status": "available"
    },
    {
        "id": 9223372036854572469,
        "category": {
            "id": 0,
            "name": "string"
        },
        "name": "doggie",
        "photoUrls": [
            "string"
        ],
        "tags": [
            {
                "id": 0,
                "name": "string"
            }
        ],
        "status": "available"
    },
    {
        "id": 9223372036854572470,
        "category": {
            "id": 0,
            "name": "string"
        },
        "name": "Puff",
        "photoUrls": [
            "string"
        ],
        "tags": [
            {
                "id": 0,
                "name": "string"
            }
        ],
        "status": "available"
    },
    {
        "id": 9223372036854572483,
        "category": {
            "id": 0,
            "name": "string"
        },
        "name": "fish",
        "photoUrls": [
            "string"
        ],
        "tags": [
            {
                "id": 0,
                "name": "string"
            }
        ],
        "status": "available"
    },
    {
        "id": 9223372036854572491,
        "category": {
            "id": 0,
            "name": "dogs"
        },
        "name": "vaguito",
        "photoUrls": [
            "string"
        ],
        "tags": [
            {
                "id": 0,
                "name": "string"
            }
        ],
        "status": "available"
    },
    {
        "id": 9223372036854572496,
        "category": {
            "id": 0,
            "name": "string"
        },
        "name": "doggie",
        "photoUrls": [
            "string"
        ],
        "tags": [
            {
                "id": 0,
                "name": "string"
            }
        ],
        "status": "available"
    },
    {
        "id": 9223372036854572497,
        "category": {
            "id": 0,
            "name": "dogs"
        },
        "name": "vaguito5",
        "photoUrls": [
            "string"
        ],
        "tags": [
            {
                "id": 0,
                "name": "string"
            }
        ],
        "status": "available"
    },
    {
        "id": 9223372036854572503,
        "category": {
            "id": 0,
            "name": "dogs"
        },
        "name": "vaguito5",
        "photoUrls": [
            "string"
        ],
        "tags": [
            {
                "id": 0,
                "name": "string"
            }
        ],
        "status": "available"
    },
    {
        "id": 9223372036854572504,
        "category": {
            "id": 0,
            "name": "string"
        },
        "name": "fish",
        "photoUrls": [
            "string"
        ],
        "tags": [
            {
                "id": 0,
                "name": "string"
            }
        ],
        "status": "available"
    },
    {
        "id": 9223372036854572513,
        "category": {
            "id": 0,
            "name": "dogs"
        },
        "name": "Vaguito10",
        "photoUrls": [
            "string"
        ],
        "tags": [
            {
                "id": 0,
                "name": "string"
            }
        ],
        "status": "available"
    },
    {
        "id": 9223372036854572514,
        "category": {
            "id": 0,
            "name": "dogs"
        },
        "name": "Vaguito11",
        "photoUrls": [
            "string"
        ],
        "tags": [
            {
                "id": 0,
                "name": "string"
            }
        ],
        "status": "available"
    },
    {
        "id": 9223372036854572515,
        "category": {
            "id": 0,
            "name": "dogs"
        },
        "name": "Vaguito12",
        "photoUrls": [
            "string"
        ],
        "tags": [
            {
                "id": 0,
                "name": "string"
            }
        ],
        "status": "available"
    },
    {
        "id": 9223372036854572516,
        "category": {
            "id": 0,
            "name": "dogs"
        },
        "name": "Vaguito13",
        "photoUrls": [
            "string"
        ],
        "tags": [
            {
                "id": 0,
                "name": "string"
            }
        ],
        "status": "available"
    },
    {
        "id": 9223372036854572517,
        "category": {
            "id": 0,
            "name": "dogs"
        },
        "name": "Vaguito14",
        "photoUrls": [
            "string"
        ],
        "tags": [
            {
                "id": 0,
                "name": "string"
            }
        ],
        "status": "available"
    },
    {
        "id": 9223372036854572529,
        "category": {
            "id": 0,
            "name": "dogs"
        },
        "name": "Black",
        "photoUrls": [
            "string"
        ],
        "tags": [
            {
                "id": 0,
                "name": "string"
            }
        ],
        "status": "available"
    },
    {
        "id": 9223372036854572530,
        "category": {
            "id": 0,
            "name": "string"
        },
        "name": "fish",
        "photoUrls": [
            "string"
        ],
        "tags": [
            {
                "id": 0,
                "name": "string"
            }
        ],
        "status": "available"
    },
    {
        "id": 9223372036854572533,
        "category": {
            "id": 0,
            "name": "string"
        },
        "name": "doggie",
        "photoUrls": [
            "string"
        ],
        "tags": [
            {
                "id": 0,
                "name": "string"
            }
        ],
        "status": "available"
    },
    {
        "id": 9223372036854572545,
        "category": {
            "id": 0,
            "name": "string"
        },
        "name": "fish",
        "photoUrls": [
            "string"
        ],
        "tags": [
            {
                "id": 0,
                "name": "string"
            }
        ],
        "status": "available"
    },
    {
        "id": 9223372036854572546,
        "category": {
            "id": 0,
            "name": "string"
        },
        "name": "fish",
        "photoUrls": [
            "string"
        ],
        "tags": [
            {
                "id": 0,
                "name": "string"
            }
        ],
        "status": "available"
    },
    {
        "id": 9223372036854572547,
        "category": {
            "id": 0,
            "name": "string"
        },
        "name": "Puff",
        "photoUrls": [
            "string"
        ],
        "tags": [
            {
                "id": 0,
                "name": "string"
            }
        ],
        "status": "available"
    },
    {
        "id": 9223372036854572557,
        "category": {
            "id": 0,
            "name": "dogs"
        },
        "name": "vaguito1",
        "photoUrls": [
            "string"
        ],
        "tags": [
            {
                "id": 0,
                "name": "string"
            }
        ],
        "status": "available"
    },
    {
        "id": 9223372036854572558,
        "category": {
            "id": 0,
            "name": "dogs"
        },
        "name": "vaguito2",
        "photoUrls": [
            "string"
        ],
        "tags": [
            {
                "id": 0,
                "name": "string"
            }
        ],
        "status": "available"
    },
    {
        "id": 9223372036854572559,
        "category": {
            "id": 0,
            "name": "dogs"
        },
        "name": "vaguito3",
        "photoUrls": [
            "string"
        ],
        "tags": [
            {
                "id": 0,
                "name": "string"
            }
        ],
        "status": "available"
    },
    {
        "id": 9223372036854572560,
        "category": {
            "id": 0,
            "name": "dogs"
        },
        "name": "vaguito4",
        "photoUrls": [
            "string"
        ],
        "tags": [
            {
                "id": 0,
                "name": "string"
            }
        ],
        "status": "available"
    },
    {
        "id": 9223372036854572561,
        "category": {
            "id": 0,
            "name": "string"
        },
        "name": "doggie",
        "photoUrls": [
            "string"
        ],
        "tags": [
            {
                "id": 0,
                "name": "string"
            }
        ],
        "status": "available"
    },
    {
        "id": 9223372036854572562,
        "category": {
            "id": 0,
            "name": "string"
        },
        "name": "doggie",
        "photoUrls": [
            "string"
        ],
        "tags": [
            {
                "id": 0,
                "name": "string"
            }
        ],
        "status": "available"
    },
    {
        "id": 9223372036854572565,
        "category": {
            "id": 0,
            "name": "string"
        },
        "name": "fish",
        "photoUrls": [
            "string"
        ],
        "tags": [
            {
                "id": 0,
                "name": "string"
            }
        ],
        "status": "available"
    },
    {
        "id": 9223372036854572566,
        "category": {
            "id": 0,
            "name": "string"
        },
        "name": "fish",
        "photoUrls": [
            "string"
        ],
        "tags": [
            {
                "id": 0,
                "name": "string"
            }
        ],
        "status": "available"
    },
    {
        "id": 9223372036854572567,
        "category": {
            "id": 0,
            "name": "string"
        },
        "name": "fish",
        "photoUrls": [
            "string"
        ],
        "tags": [
            {
                "id": 0,
                "name": "string"
            }
        ],
        "status": "available"
    },
    {
        "id": 9223372036854572568,
        "category": {
            "id": 0,
            "name": "string"
        },
        "name": "fish",
        "photoUrls": [
            "string"
        ],
        "tags": [
            {
                "id": 0,
                "name": "string"
            }
        ],
        "status": "available"
    },
    {
        "id": 9223372036854572569,
        "category": {
            "id": 0,
            "name": "dogs"
        },
        "name": "Vaguito",
        "photoUrls": [
            "string"
        ],
        "tags": [
            {
                "id": 0,
                "name": "string"
            }
        ],
        "status": "available"
    },
    {
        "id": 9223372036854572572,
        "category": {
            "id": 0,
            "name": "dogs"
        },
        "name": "Vaguito",
        "photoUrls": [
            "string"
        ],
        "tags": [
            {
                "id": 0,
                "name": "string"
            }
        ],
        "status": "available"
    },
    {
        "id": 999,
        "category": {
            "id": 1,
            "name": "Fluffy"
        },
        "name": "Caesy",
        "photoUrls": [
            "https://placedog.net/500"
        ],
        "tags": [
            {
                "id": 0,
                "name": "dog"
            }
        ],
        "status": "available"
    },
    {
        "id": 9223372036854572599,
        "category": {
            "id": 0,
            "name": "string"
        },
        "name": "Doggie",
        "photoUrls": [
            "string"
        ],
        "tags": [
            {
                "id": 0,
                "name": "string"
            }
        ],
        "status": "available"
    },
    {
        "id": 9223372036854572608,
        "category": {
            "id": 0,
            "name": "string"
        },
        "name": "fish",
        "photoUrls": [
            "string"
        ],
        "tags": [
            {
                "id": 0,
                "name": "string"
            }
        ],
        "status": "available"
    },
    {
        "id": 9223372036854572610,
        "category": {
            "id": 98332237,
            "name": "ex aliqua"
        },
        "name": "doggie",
        "photoUrls": [
            "ut en",
            "amet proident eiusmod consectetur"
        ],
        "tags": [
            {
                "id": 757076,
                "name": "non ullamco elit"
            },
            {
                "id": -55202171,
                "name": "ex labore culpa"
            }
        ],
        "status": "available"
    },
    {
        "id": 9223372036854572612,
        "category": {
            "id": -37365655,
            "name": "ut pariatur officia"
        },
        "name": "doggie",
        "photoUrls": [
            "veniam mollit",
            "laborum cillum est"
        ],
        "tags": [
            {
                "id": 78392476,
                "name": "do nisi"
            },
            {
                "id": 18284536,
                "name": "elit irure non"
            }
        ],
        "status": "available"
    },
    {
        "id": 15476522,
        "category": {
            "id": 85459667,
            "name": "minim cupidatat sunt nisi veniam"
        },
        "name": "doggie",
        "photoUrls": [
            "aliqua",
            "consectetur esse"
        ],
        "tags": [
            {
                "id": -18585804,
                "name": "quis Ut"
            },
            {
                "id": 3151360,
                "name": "quis ut deserunt dolor"
            }
        ],
        "status": "available"
    },
    {
        "id": 9223372036854572613,
        "category": {
            "id": 0,
            "name": "string"
        },
        "name": "fish",
        "photoUrls": [
            "string"
        ],
        "tags": [
            {
                "id": 0,
                "name": "string"
            }
        ],
        "status": "available"
    },
    {
        "id": 80,
        "category": {
            "id": 10,
            "name": "Рыба"
        },
        "name": "Дружок",
        "photoUrls": [
            "esse Ut elit",
            "sint magna"
        ],
        "tags": [
            {
                "id": -36555706,
                "name": "voluptate dolor nulla labore"
            },
            {
                "id": 3842154,
                "name": "deserunt "
            }
        ],
        "status": "available"
    },
    {
        "id": 9223372036854572617,
        "category": {
            "id": 1392427,
            "name": "labore elit pariatur esse"
        },
        "name": "doggie",
        "photoUrls": [
            "ex",
            "Ut pariatur"
        ],
        "tags": [
            {
                "id": 45478774,
                "name": "non magna"
            },
            {
                "id": 6410676,
                "name": "occaecat laboris"
            }
        ],
        "status": "available"
    },
    {
        "id": 9223372036854572619,
        "category": {
            "id": -72125975,
            "name": "Lorem sint"
        },
        "name": "doggie",
        "photoUrls": [
            "proident veniam",
            "Lorem reprehenderit exercitation velit"
        ],
        "tags": [
            {
                "id": 1712705,
                "name": "Lorem elit"
            },
            {
                "id": 31182271,
                "name": "veniam do aliquip ut"
            }
        ],
        "status": "available"
    },
    {
        "id": 9223372036854572620,
        "category": {
            "id": 16166060,
            "name": "Lorem aliquip"
        },
        "name": "doggie",
        "photoUrls": [
            "cupidatat magna dolore Ut",
            "est elit consequat laboris"
        ],
        "tags": [
            {
                "id": 49478738,
                "name": "et"
            },
            {
                "id": -40327458,
                "name": "laborum do nulla"
            }
        ],
        "status": "available"
    },
    {
        "id": 6089,
        "category": {
            "id": 6089,
            "name": "nemo 1"
        },
        "name": "fishs",
        "photoUrls": [
            "https://w.forfun.com/fetch/ec/ec21683f58319755608a051e2a73c659.jpeg"
        ],
        "tags": [
            {
                "id": 0,
                "name": "string"
            }
        ],
        "status": "available"
    },
    {
        "id": 90786519,
        "category": {
            "id": 99414709,
            "name": "ut velit veniam"
        },
        "name": "doggie",
        "photoUrls": [
            "magna quis",
            "ut sit cillum commodo"
        ],
        "tags": [
            {
                "id": -22825790,
                "name": "Excepteur veniam"
            },
            {
                "id": 57872918,
                "name": "magna et"
            }
        ],
        "status": "available"
    },
    {
        "id": 16857494,
        "category": {
            "id": 22812970,
            "name": "Lorem"
        },
        "name": "doggie",
        "photoUrls": [
            "consectetur officia commodo",
            "mollit non"
        ],
        "tags": [
            {
                "id": -72572843,
                "name": "deserunt quis dolore aliquip eu"
            },
            {
                "id": -8902430,
                "name": "voluptate aliqua"
            }
        ],
        "status": "available"
    },
    {
        "id": 9223372036854572621,
        "category": {
            "id": 0,
            "name": "string"
        },
        "name": "Puff",
        "photoUrls": [
            "string"
        ],
        "tags": [
            {
                "id": 0,
                "name": "string"
            }
        ],
        "status": "available"
    },
    {
        "id": 44287874,
        "category": {
            "id": 56142504,
            "name": "proident in culpa"
        },
        "name": "doggie",
        "photoUrls": [
            "deserunt nisi occaecat adipisicing elit",
            "volup"
        ],
        "tags": [
            {
                "id": 75841058,
                "name": "enim elit labore aute"
            },
            {
                "id": 81012343,
                "name": "ullamco eiusmod aute pariatur"
            }
        ],
        "status": "available"
    },
    {
        "id": 44037029,
        "category": {
            "id": 55461079,
            "name": "Мурка"
        },
        "name": "Котичка",
        "photoUrls": [
            "consequat sint tempor",
            "amet consequat labore"
        ],
        "tags": [
            {
                "id": 31524971,
                "name": "minim ut nostrud"
            },
            {
                "id": -48012393,
                "name": "dolor sunt"
            }
        ],
        "status": "available"
    },
    {
        "id": 60687598,
        "category": {
            "id": 75968968,
            "name": "irure repr"
        },
        "name": "doggie",
        "photoUrls": [
            "cupidatat dolore tempor nostrud",
            "do reprehende"
        ],
        "tags": [
            {
                "id": -69000706,
                "name": "ut consectetur tempor amet"
            },
            {
                "id": 27016153,
                "name": "consequat"
            }
        ],
        "status": "available"
    },
    {
        "id": 9223372036854572623,
        "category": {
            "id": 30364987,
            "name": "amet do"
        },
        "name": "doggie",
        "photoUrls": [
            "ad irure dolor voluptate",
            "elit dolore minim proident"
        ],
        "tags": [
            {
                "id": -79687161,
                "name": "nostrud sunt"
            },
            {
                "id": 86727676,
                "name": "labore nisi"
            }
        ],
        "status": "available"
    },
    {
        "id": 6666,
        "category": {
            "id": 2,
            "name": "for"
        },
        "name": "fun",
        "photoUrls": [
            "string"
        ],
        "tags": [
            {
                "id": 0,
                "name": "string"
            }
        ],
        "status": "available"
    },
    {
        "id": 9223372036854572629,
        "category": {
            "id": 41404343,
            "name": "Lorem Excepteur deserunt eu"
        },
        "name": "doggie",
        "photoUrls": [
            "consectetur",
            "ut aute"
        ],
        "tags": [
            {
                "id": 22539451,
                "name": "ad est esse"
            },
            {
                "id": 57520874,
                "name": "id exercitation dolore minim"
            }
        ],
        "status": "available"
    },
    {
        "id": 9223372036854572630,
        "category": {
            "id": 0,
            "name": "string"
        },
        "name": "doggie",
        "photoUrls": [
            "string"
        ],
        "tags": [
            {
                "id": 0,
                "name": "string"
            }
        ],
        "status": "available"
    },
    {
        "id": 16192485,
        "category": {
            "id": 62291983,
            "name": "consectetur nostrud"
        },
        "name": "doggie",
        "photoUrls": [
            "ipsum incididunt in",
            "magna ullamco et"
        ],
        "tags": [
            {
                "id": 25068722,
                "name": "velit dolore labore"
            },
            {
                "id": 75633110,
                "name": "tempor sunt quis et officia"
            }
        ],
        "status": "available"
    },
    {
        "id": 25,
        "category": {
            "id": 0,
            "name": "string"
        },
        "name": "doggie",
        "photoUrls": [
            "string"
        ],
        "tags": [
            {
                "id": 0,
                "name": "string"
            }
        ],
        "status": "available"
    },
    {
        "id": 64784839394974,
        "category": {
            "id": 1000,
            "name": "catt"
        },
        "name": "catty",
        "photoUrls": [
            "string"
        ],
        "tags": [
            {
                "id": 1,
                "name": "tag1"
            }
        ],
        "status": "available"
    },
    {
        "id": 89012937,
        "category": {
            "id": -27522541,
            "name": "voluptate laborum elit ex"
        },
        "name": "doggie",
        "photoUrls": [
            "anim in occaecat dolore Excepteur",
            "ut minim dolor pariatur"
        ],
        "tags": [
            {
                "id": -59197242,
                "name": "sint Excepteur in"
            },
            {
                "id": -11301750,
                "name": "pariatur"
            }
        ],
        "status": "available"
    },
    {
        "id": 24,
        "category": {
            "id": 0,
            "name": "string"
        },
        "name": "doggie",
        "photoUrls": [
            "string"
        ],
        "tags": [
            {
                "id": 0,
                "name": "string"
            }
        ],
        "status": "available"
    },
    {
        "id": 26,
        "category": {
            "id": 0,
            "name": "string"
        },
        "name": "doggie",
        "photoUrls": [
            "string"
        ],
        "tags": [
            {
                "id": 0,
                "name": "string"
            }
        ],
        "status": "available"
    },
    {
        "id": 9223372036854572644,
        "category": {
            "id": -76924629,
            "name": "et exercitation dolor ut"
        },
        "name": "Candy",
        "photoUrls": [
            "culpa mollit aliqua",
            "esse nulla laboris Lorem non"
        ],
        "tags": [
            {
                "id": -38751365,
                "name": "tempor cupidatat ad eiusmod"
            },
            {
                "id": 48919856,
                "name": "tempor est"
            }
        ],
        "status": "available"
    },
    {
        "id": 9223372036854572645,
        "category": {
            "id": 0,
            "name": "horse"
        },
        "name": "Black",
        "photoUrls": [
            "string"
        ],
        "tags": [
            {
                "id": 0,
                "name": "string"
            }
        ],
        "status": "available"
    },
    {
        "id": 9223372036854572646,
        "category": {
            "id": 67611315,
            "name": "consequat adipisicing magna"
        },
        "name": "doggie",
        "photoUrls": [
            "ut culpa",
            "in ut"
        ],
        "tags": [
            {
                "id": -61615889,
                "name": "occaecat est veniam"
            },
            {
                "id": -6300284,
                "name": "sed irure"
            }
        ],
        "status": "available"
    },
    {
        "id": 19764410,
        "category": {
            "id": -5476781,
            "name": "quis sit aute anim"
        },
        "name": "doggie",
        "photoUrls": [
            "commodo elit irure",
            "quis consequat deserunt eu eiusmod"
        ],
        "tags": [
            {
                "id": 24327777,
                "name": "nostrud sed"
            },
            {
                "id": -89952348,
                "name": "sunt aliquip"
            }
        ],
        "status": "available"
    },
    {
        "id": 9223372036854572650,
        "category": {
            "id": 75111092,
            "name": "dolore ut"
        },
        "name": "doggie",
        "photoUrls": [
            "ipsum",
            "quis sit"
        ],
        "tags": [
            {
                "id": 1370397,
                "name": "adipisicing"
            },
            {
                "id": 77232041,
                "name": "ipsum repr"
            }
        ],
        "status": "available"
    },
    {
        "id": 9223372036854572651,
        "category": {
            "id": 0,
            "name": "string"
        },
        "name": "morce",
        "photoUrls": [
            "string"
        ],
        "tags": [
            {
                "id": 0,
                "name": "string"
            }
        ],
        "status": "available"
    },
    {
        "id": 9223372036854572652,
        "category": {
            "id": 0,
            "name": "string"
        },
        "name": "doggie",
        "photoUrls": [
            "string"
        ],
        "tags": [
            {
                "id": 0,
                "name": "string"
            }
        ],
        "status": "available"
    },
    {
        "id": 9223372036854572653,
        "category": {
            "id": 0,
            "name": "string"
        },
        "name": "fish",
        "photoUrls": [
            "string"
        ],
        "tags": [
            {
                "id": 0,
                "name": "string"
            }
        ],
        "status": "available"
    },
    {
        "id": 9223372036854572657,
        "category": {
            "id": 0,
            "name": "Carrot"
        },
        "name": "doggie",
        "photoUrls": [
            "string"
        ],
        "tags": [
            {
                "id": 0,
                "name": "string"
            }
        ],
        "status": "available"
    },
    {
        "id": 99672469,
        "category": {
            "id": -72804219,
            "name": "velit occaecat enim"
        },
        "name": "doggie",
        "photoUrls": [
            "reprehenderit culpa",
            "sit labore consectetur i"
        ],
        "tags": [
            {
                "id": 89701623,
                "name": "aute"
            },
            {
                "id": -17583688,
                "name": "sed Duis Excepteur "
            }
        ],
        "status": "available"
    },
    {
        "id": 9223372036854572662,
        "category": {
            "id": 9223372036854775807,
            "name": "string"
        },
        "name": "doggie2711",
        "photoUrls": [
            "string"
        ],
        "tags": [
            {
                "id": 0,
                "name": "string"
            }
        ],
        "status": "available"
    },
    {
        "id": 9898989899,
        "category": {
            "id": 0,
            "name": "cat"
        },
        "name": "marko",
        "photoUrls": [
            "undefined"
        ],
        "tags": [
            {
                "id": 0,
                "name": "new"
            }
        ],
        "status": "available"
    },
    {
        "id": 989898989945421,
        "category": {
            "id": 9898989899,
            "name": "cat one's"
        },
        "name": "marko one love",
        "photoUrls": [
            "null"
        ],
        "tags": [
            {
                "id": 0,
                "name": "cat"
            }
        ],
        "status": "available"
    },
    {
        "id": 25253093,
        "category": {
            "id": -8712087,
            "name": "incididunt ullamco Lorem pariatur"
        },
        "name": "doggie",
        "photoUrls": [
            "in nulla",
            "consequat officia aliqua sint"
        ],
        "tags": [
            {
                "id": 1776061,
                "name": "pariatur Excepteur"
            },
            {
                "id": -16418227,
                "name": "cupidatat eu est veniam"
            }
        ],
        "status": "available"
    },
    {
        "id": 74784015,
        "category": {
            "id": -66411488,
            "name": "velit"
        },
        "name": "doggie",
        "photoUrls": [
            "Ut",
            "culpa consectetur aliqua adipisicing"
        ],
        "tags": [
            {
                "id": 17942317,
                "name": "consectetur laboris pariatur proid"
            },
            {
                "id": 62813114,
                "name": "sint"
            }
        ],
        "status": "available"
    },
    {
        "id": 402,
        "category": {
            "id": 0,
            "name": "Keshaun_Lind"
        },
        "name": "catty",
        "photoUrls": [
            "string"
        ],
        "tags": [
            {
                "id": 0,
                "name": "string"
            }
        ],
        "status": "available"
    },
    {
        "id": 1536597,
        "category": {
            "id": 1,
            "name": "Animale Dolofane"
        },
        "name": "Panda",
        "photoUrls": [
            "/test"
        ],
        "tags": [
            {
                "id": 0,
                "name": "string"
            }
        ],
        "status": "available"
    },
    {
        "id": 50002,
        "category": {
            "id": 0,
            "name": "string"
        },
        "name": "doggie",
        "photoUrls": [
            "string"
        ],
        "tags": [
            {
                "id": 0,
                "name": "string"
            }
        ],
        "status": "available"
    },
    {
        "id": 102,
        "category": {
            "id": 102,
            "name": "Cat"
        },
        "name": "Tom",
        "photoUrls": [
            "CatURL"
        ],
        "tags": [
            {
                "id": 1002,
                "name": "Angry"
            }
        ],
        "status": "available"
    },
    {
        "id": 2293981,
        "category": {
            "id": 61152320,
            "name": "qui dolore nostrud Duis"
        },
        "name": "doggie",
        "photoUrls": [
            "in esse dolore",
            "consectetur dolore exercitation"
        ],
        "tags": [
            {
                "id": 16333697,
                "name": "incididunt et nostrud"
            },
            {
                "id": -53725039,
                "name": "aute fugiat"
            }
        ],
        "status": "available"
    },
    {
        "id": 5786256,
        "category": {
            "id": -44713072,
            "name": "reprehenderit irure"
        },
        "name": "doggie",
        "photoUrls": [
            "ut nisi ea tempor",
            "reprehenderit"
        ],
        "tags": [
            {
                "id": -18411144,
                "name": "aliqua reprehenderit"
            },
            {
                "id": 86685319,
                "name": "minim reprehenderit laboris c"
            }
        ],
        "status": "available"
    },
    {
        "id": 103,
        "category": {
            "id": 103,
            "name": "Mouse"
        },
        "name": "Jerry",
        "photoUrls": [
            "MouseURL"
        ],
        "tags": [
            {
                "id": 1003,
                "name": "Little"
            }
        ],
        "status": "available"
    },
    {
        "id": 14142084,
        "category": {
            "id": -86643235,
            "name": "in anim"
        },
        "name": "doggie",
        "photoUrls": [
            "Duis aute nostrud",
            "irure nisi cupida"
        ],
        "tags": [
            {
                "id": -74211391,
                "name": "esse qui elit"
            },
            {
                "id": -7539062,
                "name": "exercitation aliqua labore cupidatat"
            }
        ],
        "status": "available"
    },
    {
        "id": 9223372036854775460,
        "category": {
            "id": 57600819,
            "name": "culpa sunt"
        },
        "name": "doggie",
        "photoUrls": [
            "minim ex",
            "Lorem Duis do"
        ],
        "tags": [
            {
                "id": 82103633,
                "name": "nulla"
            },
            {
                "id": -18652653,
                "name": "commodo Excepteur pariatur"
            }
        ],
        "status": "available"
    },
    {
        "id": 455,
        "category": {
            "id": 54565654,
            "name": "fish"
        },
        "name": "Nemo_fisher",
        "photoUrls": [
            "<string>",
            "<string>"
        ],
        "tags": [
            {
                "id": 575752,
                "name": "<string>"
            },
            {
                "id": 5275275,
                "name": "<string>"
            }
        ],
        "status": "available"
    },
    {
        "id": 9223372036854775462,
        "category": {
            "id": 38789742,
            "name": "laboris"
        },
        "name": "doggie",
        "photoUrls": [
            "Excepteur laboris occaecat",
            "consequat mollit"
        ],
        "tags": [
            {
                "id": 66894629,
                "name": "sit cillu"
            },
            {
                "id": -91074335,
                "name": "et exercit"
            }
        ],
        "status": "available"
    },
    {
        "id": 9223372036854775464,
        "category": {
            "id": 0,
            "name": "Johan"
        },
        "name": "doggie",
        "photoUrls": [
            "string"
        ],
        "tags": [
            {
                "id": 0,
                "name": "string"
            }
        ],
        "status": "available"
    },
    {
        "id": 9223372036854775465,
        "category": {
            "id": 0,
            "name": ""
        },
        "name": "doggie",
        "photoUrls": [
            "string"
        ],
        "tags": [
            {
                "id": 0,
                "name": "string"
            }
        ],
        "status": "available"
    },
    {
        "id": 3770,
        "category": {
            "id": 1,
            "name": "Dogs"
        },
        "name": "Fluffy",
        "photoUrls": [
            "string"
        ],
        "tags": [
            {
                "id": 1,
                "name": "tag1"
            }
        ],
        "status": "available"
    },
    {
        "id": 2334563,
        "category": {
            "id": 2,
            "name": "dog"
        },
        "name": "doggie-yoggie",
        "photoUrls": [
            
        ],
        "tags": [
            
        ],
        "status": "available"
    },
    {
        "id": 6513,
        "category": {
            "id": 1,
            "name": "Dogs"
        },
        "name": "Fluffy",
        "photoUrls": [
            "string"
        ],
        "tags": [
            {
                "id": 1,
                "name": "tag1"
            }
        ],
        "status": "available"
    },
    {
        "id": 9223372036854775473,
        "category": {
            "id": 0,
            "name": "dogs"
        },
        "name": "Vaguito10",
        "photoUrls": [
            "string"
        ],
        "tags": [
            {
                "id": 0,
                "name": "string"
            }
        ],
        "status": "available"
    },
    {
        "id": 9223372036854775474,
        "category": {
            "id": 0,
            "name": "dogs"
        },
        "name": "Vaguito11",
        "photoUrls": [
            "string"
        ],
        "tags": [
            {
                "id": 0,
                "name": "string"
            }
        ],
        "status": "available"
    },
    {
        "id": 9223372036854775476,
        "category": {
            "id": 0,
            "name": "dogs"
        },
        "name": "Vaguito12",
        "photoUrls": [
            "string"
        ],
        "tags": [
            {
                "id": 0,
                "name": "string"
            }
        ],
        "status": "available"
    },
    {
        "id": 9223372036854775477,
        "category": {
            "id": 0,
            "name": "dogs"
        },
        "name": "Vaguito13",
        "photoUrls": [
            "string"
        ],
        "tags": [
            {
                "id": 0,
                "name": "string"
            }
        ],
        "status": "available"
    },
    {
        "id": 9223372036854775478,
        "category": {
            "id": 0,
            "name": "dogs"
        },
        "name": "Vaguito14",
        "photoUrls": [
            "string"
        ],
        "tags": [
            {
                "id": 0,
                "name": "string"
            }
        ],
        "status": "available"
    },
    {
        "id": 9223372036854775481,
        "category": {
            "id": 0,
            "name": "string"
        },
        "name": "fish",
        "photoUrls": [
            "string"
        ],
        "tags": [
            {
                "id": 0,
                "name": "string"
            }
        ],
        "status": "available"
    },
    {
        "id": 9879,
        "category": {
            "id": 900,
            "name": "dogs"
        },
        "name": "Pushok",
        "photoUrls": [
            "string"
        ],
        "tags": [
            {
                "id": 0,
                "name": "string"
            }
        ],
        "status": "available"
    },
    {
        "id": 85964529,
        "category": {
            "id": -85148330,
            "name": "eiusmod occaecat minim anim"
        },
        "name": "doggie",
        "photoUrls": [
            "sed eu nulla",
            "sed magna mollit"
        ],
        "tags": [
            {
                "id": -19521509,
                "name": "adipisicing in"
            },
            {
                "id": -44277506,
                "name": "mollit aliquip sed in"
            }
        ],
        "status": "available"
    },
    {
        "id": 9223372036854775483,
        "category": {
            "id": 0,
            "name": "string"
        },
        "name": "Doggie",
        "photoUrls": [
            "string"
        ],
        "tags": [
            {
                "id": 0,
                "name": "string"
            }
        ],
        "status": "available"
    },
    {
        "id": 72638067,
        "category": {
            "id": 61967468,
            "name": "Duis eiusmod non voluptat"
        },
        "name": "doggie",
        "photoUrls": [
            "deserunt Duis qui",
            "dolor in voluptate"
        ],
        "tags": [
            {
                "id": -36386852,
                "name": "e"
            },
            {
                "id": 77359864,
                "name": "velit"
            }
        ],
        "status": "available"
    },
    {
        "id": 9223372036854775486,
        "category": {
            "id": 42203516,
            "name": "tempor quis nulla"
        },
        "name": "doggie",
        "photoUrls": [
            "proident est aute nostrud eu",
            "labore culpa ex deserunt"
        ],
        "tags": [
            {
                "id": -53145620,
                "name": "consequat dolor"
            },
            {
                "id": -60009224,
                "name": "ad"
            }
        ],
        "status": "available"
    },
    {
        "id": 9223372036854775487,
        "category": {
            "id": -76062047,
            "name": "aute eu incididunt commodo anim"
        },
        "name": "doggie",
        "photoUrls": [
            "ex ",
            "in labore elit sed adipisicing"
        ],
        "tags": [
            {
                "id": -34665969,
                "name": "sunt labor"
            },
            {
                "id": -37223787,
                "name": "proide"
            }
        ],
        "status": "available"
    },
    {
        "id": 42185241,
        "category": {
            "id": -36607462,
            "name": "occaecat minim"
        },
        "name": "doggie",
        "photoUrls": [
            "Duis ea dolor anim",
            "Lorem quis deserunt occaecat"
        ],
        "tags": [
            {
                "id": -22418181,
                "name": "ipsum sit ad"
            },
            {
                "id": 47214278,
                "name": "Lorem nulla"
            }
        ],
        "status": "available"
    },
    {
        "id": 70586304,
        "category": {
            "id": 22059979,
            "name": "fish"
        },
        "name": "nemo",
        "photoUrls": [
            "tempor laboris",
            "https://klev26.ru/wp-content/uploads/b/d/4/bd40f13a82154aa08445aee40cf1186d.jpeg"
        ],
        "tags": [
            {
                "id": -16259777,
                "name": "qui veniam fugia"
            },
            {
                "id": 16047041,
                "name": "Duis ex ut"
            }
        ],
        "status": "available"
    },
    {
        "id": 70586304435,
        "category": {
            "id": 22059979,
            "name": "fishs"
        },
        "name": "nemo fish",
        "photoUrls": [
            "tempor laboris",
            "https://klev26.ru/wp-content/uploads/b/d/4/bd40f13a82154aa08445aee40cf1186d.jpeg"
        ],
        "tags": [
            {
                "id": -16259777,
                "name": "qui veniam fugia"
            },
            {
                "id": 16047041,
                "name": "Duis ex ut"
            }
        ],
        "status": "available"
    },
    {
        "id": 9223372036854775489,
        "category": {
            "id": 0,
            "name": "mankey"
        },
        "name": "banan",
        "photoUrls": [
            "string"
        ],
        "tags": [
            {
                "id": 0,
                "name": "string"
            }
        ],
        "status": "available"
    },
    {
        "id": 9223372036854775491,
        "category": {
            "id": 0,
            "name": "Body"
        },
        "name": "Body",
        "photoUrls": [
            "string"
        ],
        "tags": [
            {
                "id": 0,
                "name": "string"
            }
        ],
        "status": "available"
    },
    {
        "id": 802802802,
        "category": {
            "id": 0,
            "name": "string"
        },
        "name": "angel",
        "photoUrls": [
            "string"
        ],
        "tags": [
            {
                "id": 0,
                "name": "string"
            }
        ],
        "status": "available"
    },
    {
        "id": 9223372036854775492,
        "category": {
            "id": 0,
[...]
	at java.base/jdk.internal.reflect.DelegatingMethodAccessorImpl.invoke(DelegatingMethodAccessorImpl.java:43)
	at java.base/java.lang.reflect.Method.invoke(Method.java:566)
	at org.testng.internal.invokers.MethodInvocationHelper.invokeMethod(MethodInvocationHelper.java:139)
	at org.testng.internal.invokers.TestInvoker.invokeMethod(TestInvoker.java:664)
	at org.testng.internal.invokers.TestInvoker.invokeTestMethod(TestInvoker.java:227)
	at org.testng.internal.invokers.MethodRunner.runInSequence(MethodRunner.java:50)
	at org.testng.internal.invokers.TestInvoker$MethodInvocationAgent.invoke(TestInvoker.java:957)
	at org.testng.internal.invokers.TestInvoker.invokeTestMethods(TestInvoker.java:200)
	at org.testng.internal.invokers.TestMethodWorker.invokeTestMethods(TestMethodWorker.java:148)
	at org.testng.internal.invokers.TestMethodWorker.run(TestMethodWorker.java:128)
	at java.base/java.util.ArrayList.forEach(ArrayList.java:1541)
	at org.testng.TestRunner.privateRun(TestRunner.java:848)
	at org.testng.TestRunner.run(TestRunner.java:621)
	at org.testng.SuiteRunner.runTest(SuiteRunner.java:443)
	at org.testng.SuiteRunner.runSequentially(SuiteRunner.java:437)
	at org.testng.SuiteRunner.privateRun(SuiteRunner.java:397)
	at org.testng.SuiteRunner.run(SuiteRunner.java:336)
	at org.testng.SuiteRunnerWorker.runSuite(SuiteRunnerWorker.java:52)
	at org.testng.SuiteRunnerWorker.run(SuiteRunnerWorker.java:95)
	at org.testng.TestNG.runSuitesSequentially(TestNG.java:1280)
	at org.testng.TestNG.runSuitesLocally(TestNG.java:1200)
	at org.testng.TestNG.runSuites(TestNG.java:1114)
	at org.testng.TestNG.run(TestNG.java:1082)
	at org.apache.maven.surefire.testng.TestNGExecutor.run(TestNGExecutor.java:308)
	at org.apache.maven.surefire.testng.TestNGXmlTestSuite.execute(TestNGXmlTestSuite.java:71)
	at org.apache.maven.surefire.testng.TestNGProvider.invoke(TestNGProvider.java:113)
	at org.apache.maven.surefire.booter.ForkedBooter.runSuitesInProcess(ForkedBooter.java:385)
	at org.apache.maven.surefire.booter.ForkedBooter.execute(ForkedBooter.java:162)
	at org.apache.maven.surefire.booter.ForkedBooter.run(ForkedBooter.java:507)
	at org.apache.maven.surefire.booter.ForkedBooter.main(ForkedBooter.java:495)
]]></failure>
    <system-out><![CDATA[Request method:	DELETE
Request URI:	https://petstore.swagger.io/v2/pet/839406
Proxy:			<none>
Request params:	<none>
Query params:	<none>
Form params:	<none>
Path params:	petID=839406
Headers:		api_key=special-key
				Accept=*/*
				Content-Type=application/json
Cookies:		<none>
Multiparts:		<none>
Body:			<none>
HTTP/1.1 200 OK
Date: Fri, 02 Aug 2024 23:14:18 GMT
Content-Type: application/json
Transfer-Encoding: chunked
Connection: keep-alive
Access-Control-Allow-Origin: *
Access-Control-Allow-Methods: GET, POST, DELETE, PUT
Access-Control-Allow-Headers: Content-Type, api_key, Authorization
Server: Jetty(9.2.9.v20150224)

{
    "code": 200,
    "type": "unknown",
    "message": "839406"
}
Request method:	POST
Request URI:	https://petstore.swagger.io/v2/pet/
Proxy:			<none>
Request params:	<none>
Query params:	<none>
Form params:	<none>
Path params:	<none>
Headers:		api_key=special-key
				Accept=*/*
				Content-Type=application/json
Cookies:		<none>
Multiparts:		<none>
Body:
{
    "id": 839406,
    "category": {
        "id": 101,
        "name": "German"
    },
    "name": "Jackie",
    "photoUrls": [
        "https://petstore.com/Images"
    ],
    "tags": [
        {
            "id": 101,
            "name": "Australia"
        }
    ],
    "status": "available"
}
HTTP/1.1 200 OK
Date: Fri, 02 Aug 2024 23:14:19 GMT
Content-Type: application/json
Transfer-Encoding: chunked
Connection: keep-alive
Access-Control-Allow-Origin: *
Access-Control-Allow-Methods: GET, POST, DELETE, PUT
Access-Control-Allow-Headers: Content-Type, api_key, Authorization
Server: Jetty(9.2.9.v20150224)

{
    "id": 839406,
    "category": {
        "id": 101,
        "name": "German"
    },
    "name": "Jackie",
    "photoUrls": [
        "https://petstore.com/Images"
    ],
    "tags": [
        {
            "id": 101,
            "name": "Australia"
        }
    ],
    "status": "available"
}
]]></system-out>
  </testcase>
  <testcase name="updatePetWithDifferentStatusForSamePetID[available](1)" classname="com.au.petstore.testsAPI.PutUpdateAnExistingPet" time="1.538">
    <system-out><![CDATA[Request method:	PUT
Request URI:	https://petstore.swagger.io/v2/pet/
Proxy:			<none>
Request params:	<none>
Query params:	<none>
Form params:	<none>
Path params:	<none>
Headers:		api_key=special-key
				Accept=*/*
				Content-Type=application/json
Cookies:		<none>
Multiparts:		<none>
Body:
{
    "id": 839406,
    "category": {
        "id": 101,
        "name": "German"
    },
    "name": "Jackie",
    "photoUrls": [
        "https://petstore.com/Images"
    ],
    "tags": [
        {
            "id": 101,
            "name": "Australia"
        }
    ],
    "status": "available"
}
HTTP/1.1 200 OK
Date: Fri, 02 Aug 2024 23:14:20 GMT
Content-Type: application/json
Transfer-Encoding: chunked
Connection: keep-alive
Access-Control-Allow-Origin: *
Access-Control-Allow-Methods: GET, POST, DELETE, PUT
Access-Control-Allow-Headers: Content-Type, api_key, Authorization
Server: Jetty(9.2.9.v20150224)

{
    "id": 839406,
    "category": {
        "id": 101,
        "name": "German"
    },
    "name": "Jackie",
    "photoUrls": [
        "https://petstore.com/Images"
    ],
    "tags": [
        {
            "id": 101,
            "name": "Australia"
        }
    ],
    "status": "available"
}
]]></system-out>
  </testcase>
  <testcase name="updatePetWithDifferentStatusForSamePetID[sold](2)" classname="com.au.petstore.testsAPI.PutUpdateAnExistingPet" time="1.329">
    <system-out><![CDATA[Request method:	PUT
Request URI:	https://petstore.swagger.io/v2/pet/
Proxy:			<none>
Request params:	<none>
Query params:	<none>
Form params:	<none>
Path params:	<none>
Headers:		api_key=special-key
				Accept=*/*
				Content-Type=application/json
Cookies:		<none>
Multiparts:		<none>
Body:
{
    "id": 839406,
    "category": {
        "id": 101,
        "name": "German"
    },
    "name": "Jackie",
    "photoUrls": [
        "https://petstore.com/Images"
    ],
    "tags": [
        {
            "id": 101,
            "name": "Australia"
        }
    ],
    "status": "sold"
}
HTTP/1.1 200 OK
Date: Fri, 02 Aug 2024 23:14:22 GMT
Content-Type: application/json
Transfer-Encoding: chunked
Connection: keep-alive
Access-Control-Allow-Origin: *
Access-Control-Allow-Methods: GET, POST, DELETE, PUT
Access-Control-Allow-Headers: Content-Type, api_key, Authorization
Server: Jetty(9.2.9.v20150224)

{
    "id": 839406,
    "category": {
        "id": 101,
        "name": "German"
    },
    "name": "Jackie",
    "photoUrls": [
        "https://petstore.com/Images"
    ],
    "tags": [
        {
            "id": 101,
            "name": "Australia"
        }
    ],
    "status": "sold"
}
]]></system-out>
  </testcase>
  <testcase name="updatePetWithDifferentStatusForSamePetID[Pending](3)" classname="com.au.petstore.testsAPI.PutUpdateAnExistingPet" time="1.434">
    <system-out><![CDATA[Request method:	PUT
Request URI:	https://petstore.swagger.io/v2/pet/
Proxy:			<none>
Request params:	<none>
Query params:	<none>
Form params:	<none>
Path params:	<none>
Headers:		api_key=special-key
				Accept=*/*
				Content-Type=application/json
Cookies:		<none>
Multiparts:		<none>
Body:
{
    "id": 839406,
    "category": {
        "id": 101,
        "name": "German"
    },
    "name": "Jackie",
    "photoUrls": [
        "https://petstore.com/Images"
    ],
    "tags": [
        {
            "id": 101,
            "name": "Australia"
        }
    ],
    "status": "Pending"
}
HTTP/1.1 200 OK
Date: Fri, 02 Aug 2024 23:14:23 GMT
Content-Type: application/json
Transfer-Encoding: chunked
Connection: keep-alive
Access-Control-Allow-Origin: *
Access-Control-Allow-Methods: GET, POST, DELETE, PUT
Access-Control-Allow-Headers: Content-Type, api_key, Authorization
Server: Jetty(9.2.9.v20150224)

{
    "id": 839406,
    "category": {
        "id": 101,
        "name": "German"
    },
    "name": "Jackie",
    "photoUrls": [
        "https://petstore.com/Images"
    ],
    "tags": [
        {
            "id": 101,
            "name": "Australia"
        }
    ],
    "status": "Pending"
}
]]></system-out>
  </testcase>
  <testcase name="updatePetWithMandatoryFields" classname="com.au.petstore.testsAPI.PutUpdateAnExistingPet" time="1.257">
    <system-out><![CDATA[Request method:	PUT
Request URI:	https://petstore.swagger.io/v2/pet/
Proxy:			<none>
Request params:	<none>
Query params:	<none>
Form params:	<none>
Path params:	<none>
Headers:		api_key=special-key
				Accept=*/*
				Content-Type=application/json
Cookies:		<none>
Multiparts:		<none>
Body:
{
    "name": "Hunter",
    "photoUrls": [
        "https://petstore.com/Images"
    ]
}
HTTP/1.1 200 OK
Date: Fri, 02 Aug 2024 23:14:25 GMT
Content-Type: application/json
Transfer-Encoding: chunked
Connection: keep-alive
Access-Control-Allow-Origin: *
Access-Control-Allow-Methods: GET, POST, DELETE, PUT
Access-Control-Allow-Headers: Content-Type, api_key, Authorization
Server: Jetty(9.2.9.v20150224)

{
    "id": 9223372036854775807,
    "name": "Hunter",
    "photoUrls": [
        "https://petstore.com/Images"
    ],
    "tags": [
        
    ]
}
]]></system-out>
    <system-err><![CDATA[java.lang.RuntimeException: com.fasterxml.jackson.databind.JsonMappingException: Numeric value (9223372036854775807) out of range of int (-2147483648 - 2147483647)
 at [Source: (String)"{"id":9223372036854775807,"name":"Hunter","photoUrls":["https://petstore.com/Images"],"tags":[]}"; line: 1, column: 26] (through reference chain: com.au.petstore.pojo.Pet["id"])
	at io.restassured.internal.path.json.mapping.JsonPathJackson2ObjectDeserializer.deserialize(JsonPathJackson2ObjectDeserializer.java:30)
	at io.restassured.path.json.mapping.JsonPathObjectDeserializer$deserialize.call(Unknown Source)
	at io.restassured.internal.mapping.Jackson2Mapper.deserialize(Jackson2Mapper.groovy:58)
	at io.restassured.mapper.ObjectMapper$deserialize$0.call(Unknown Source)
	at io.restassured.internal.mapping.ObjectMapping.parseWithJackson2(ObjectMapping.groovy:254)
	at io.restassured.internal.mapping.ObjectMapping$parseWithJackson2$1.callStatic(Unknown Source)
	at io.restassured.internal.mapping.ObjectMapping.deserialize(ObjectMapping.groovy:56)
	at io.restassured.internal.mapping.ObjectMapping$deserialize$0.call(Unknown Source)
	at io.restassured.internal.RestAssuredResponseOptionsGroovyImpl.as(RestAssuredResponseOptionsGroovyImpl.groovy:229)
	at io.restassured.internal.RestAssuredResponseOptionsImpl.as(RestAssuredResponseOptionsImpl.java:169)
	at com.au.petstore.testsAPI.PutUpdateAnExistingPet.updatePetWithMandatoryFields(PutUpdateAnExistingPet.java:64)
	at java.base/jdk.internal.reflect.NativeMethodAccessorImpl.invoke0(Native Method)
	at java.base/jdk.internal.reflect.NativeMethodAccessorImpl.invoke(NativeMethodAccessorImpl.java:62)
	at java.base/jdk.internal.reflect.DelegatingMethodAccessorImpl.invoke(DelegatingMethodAccessorImpl.java:43)
	at java.base/java.lang.reflect.Method.invoke(Method.java:566)
	at org.testng.internal.invokers.MethodInvocationHelper.invokeMethod(MethodInvocationHelper.java:139)
	at org.testng.internal.invokers.TestInvoker.invokeMethod(TestInvoker.java:664)
	at org.testng.internal.invokers.TestInvoker.invokeTestMethod(TestInvoker.java:227)
	at org.testng.internal.invokers.MethodRunner.runInSequence(MethodRunner.java:50)
	at org.testng.internal.invokers.TestInvoker$MethodInvocationAgent.invoke(TestInvoker.java:957)
	at org.testng.internal.invokers.TestInvoker.invokeTestMethods(TestInvoker.java:200)
	at org.testng.internal.invokers.TestMethodWorker.invokeTestMethods(TestMethodWorker.java:148)
	at org.testng.internal.invokers.TestMethodWorker.run(TestMethodWorker.java:128)
	at java.base/java.util.ArrayList.forEach(ArrayList.java:1541)
	at org.testng.TestRunner.privateRun(TestRunner.java:848)
	at org.testng.TestRunner.run(TestRunner.java:621)
	at org.testng.SuiteRunner.runTest(SuiteRunner.java:443)
	at org.testng.SuiteRunner.runSequentially(SuiteRunner.java:437)
	at org.testng.SuiteRunner.privateRun(SuiteRunner.java:397)
	at org.testng.SuiteRunner.run(SuiteRunner.java:336)
	at org.testng.SuiteRunnerWorker.runSuite(SuiteRunnerWorker.java:52)
	at org.testng.SuiteRunnerWorker.run(SuiteRunnerWorker.java:95)
	at org.testng.TestNG.runSuitesSequentially(TestNG.java:1280)
	at org.testng.TestNG.runSuitesLocally(TestNG.java:1200)
	at org.testng.TestNG.runSuites(TestNG.java:1114)
	at org.testng.TestNG.run(TestNG.java:1082)
	at org.apache.maven.surefire.testng.TestNGExecutor.run(TestNGExecutor.java:308)
	at org.apache.maven.surefire.testng.TestNGXmlTestSuite.execute(TestNGXmlTestSuite.java:71)
	at org.apache.maven.surefire.testng.TestNGProvider.invoke(TestNGProvider.java:113)
	at org.apache.maven.surefire.booter.ForkedBooter.runSuitesInProcess(ForkedBooter.java:385)
	at org.apache.maven.surefire.booter.ForkedBooter.execute(ForkedBooter.java:162)
	at org.apache.maven.surefire.booter.ForkedBooter.run(ForkedBooter.java:507)
	at org.apache.maven.surefire.booter.ForkedBooter.main(ForkedBooter.java:495)
Caused by: com.fasterxml.jackson.databind.JsonMappingException: Numeric value (9223372036854775807) out of range of int (-2147483648 - 2147483647)
 at [Source: (String)"{"id":9223372036854775807,"name":"Hunter","photoUrls":["https://petstore.com/Images"],"tags":[]}"; line: 1, column: 26] (through reference chain: com.au.petstore.pojo.Pet["id"])
	at com.fasterxml.jackson.databind.JsonMappingException.wrapWithPath(JsonMappingException.java:390)
	at com.fasterxml.jackson.databind.JsonMappingException.wrapWithPath(JsonMappingException.java:349)
	at com.fasterxml.jackson.databind.deser.BeanDeserializerBase.wrapAndThrow(BeanDeserializerBase.java:1822)
	at com.fasterxml.jackson.databind.deser.BeanDeserializer.vanillaDeserialize(BeanDeserializer.java:326)
	at com.fasterxml.jackson.databind.deser.BeanDeserializer.deserialize(BeanDeserializer.java:187)
	at com.fasterxml.jackson.databind.deser.DefaultDeserializationContext.readRootValue(DefaultDeserializationContext.java:322)
	at com.fasterxml.jackson.databind.ObjectMapper._readMapAndClose(ObjectMapper.java:4593)
	at com.fasterxml.jackson.databind.ObjectMapper.readValue(ObjectMapper.java:3548)
	at io.restassured.internal.path.json.mapping.JsonPathJackson2ObjectDeserializer.deserialize(JsonPathJackson2ObjectDeserializer.java:28)
	... 42 more
Caused by: com.fasterxml.jackson.core.exc.InputCoercionException: Numeric value (9223372036854775807) out of range of int (-2147483648 - 2147483647)
 at [Source: (String)"{"id":9223372036854775807,"name":"Hunter","photoUrls":["https://petstore.com/Images"],"tags":[]}"; line: 1, column: 26]
	at com.fasterxml.jackson.core.base.ParserMinimalBase._reportInputCoercion(ParserMinimalBase.java:599)
	at com.fasterxml.jackson.core.base.ParserMinimalBase.reportOverflowInt(ParserMinimalBase.java:568)
	at com.fasterxml.jackson.core.base.ParserBase.convertNumberToInt(ParserBase.java:936)
	at com.fasterxml.jackson.core.base.ParserBase._parseIntValue(ParserBase.java:849)
	at com.fasterxml.jackson.core.base.ParserBase.getIntValue(ParserBase.java:680)
	at com.fasterxml.jackson.databind.deser.std.NumberDeserializers$IntegerDeserializer.deserialize(NumberDeserializers.java:526)
	at com.fasterxml.jackson.databind.deser.std.NumberDeserializers$IntegerDeserializer.deserialize(NumberDeserializers.java:506)
	at com.fasterxml.jackson.databind.deser.impl.MethodProperty.deserializeAndSet(MethodProperty.java:129)
	at com.fasterxml.jackson.databind.deser.BeanDeserializer.vanillaDeserialize(BeanDeserializer.java:324)
	... 47 more
]]></system-err>
  </testcase>
  <testcase name="updatePetWithoutMandatoryFieldsError400" classname="com.au.petstore.testsAPI.PutUpdateAnExistingPet" time="1.504">
    <failure message="&#10;Expected: is &lt;400&gt;&#10;     but: was &lt;200&gt;" type="java.lang.AssertionError"><![CDATA[java.lang.AssertionError: 

Expected: is <400>
     but: was <200>
	at org.hamcrest.MatcherAssert.assertThat(MatcherAssert.java:20)
	at org.hamcrest.MatcherAssert.assertThat(MatcherAssert.java:6)
	at com.au.petstore.testsAPI.PutUpdateAnExistingPet.updatePetWithoutMandatoryFieldsError400(PutUpdateAnExistingPet.java:92)
	at java.base/jdk.internal.reflect.NativeMethodAccessorImpl.invoke0(Native Method)
	at java.base/jdk.internal.reflect.NativeMethodAccessorImpl.invoke(NativeMethodAccessorImpl.java:62)
	at java.base/jdk.internal.reflect.DelegatingMethodAccessorImpl.invoke(DelegatingMethodAccessorImpl.java:43)
	at java.base/java.lang.reflect.Method.invoke(Method.java:566)
	at org.testng.internal.invokers.MethodInvocationHelper.invokeMethod(MethodInvocationHelper.java:139)
	at org.testng.internal.invokers.TestInvoker.invokeMethod(TestInvoker.java:664)
	at org.testng.internal.invokers.TestInvoker.invokeTestMethod(TestInvoker.java:227)
	at org.testng.internal.invokers.MethodRunner.runInSequence(MethodRunner.java:50)
	at org.testng.internal.invokers.TestInvoker$MethodInvocationAgent.invoke(TestInvoker.java:957)
	at org.testng.internal.invokers.TestInvoker.invokeTestMethods(TestInvoker.java:200)
	at org.testng.internal.invokers.TestMethodWorker.invokeTestMethods(TestMethodWorker.java:148)
	at org.testng.internal.invokers.TestMethodWorker.run(TestMethodWorker.java:128)
	at java.base/java.util.ArrayList.forEach(ArrayList.java:1541)
	at org.testng.TestRunner.privateRun(TestRunner.java:848)
	at org.testng.TestRunner.run(TestRunner.java:621)
	at org.testng.SuiteRunner.runTest(SuiteRunner.java:443)
	at org.testng.SuiteRunner.runSequentially(SuiteRunner.java:437)
	at org.testng.SuiteRunner.privateRun(SuiteRunner.java:397)
	at org.testng.SuiteRunner.run(SuiteRunner.java:336)
	at org.testng.SuiteRunnerWorker.runSuite(SuiteRunnerWorker.java:52)
	at org.testng.SuiteRunnerWorker.run(SuiteRunnerWorker.java:95)
	at org.testng.TestNG.runSuitesSequentially(TestNG.java:1280)
	at org.testng.TestNG.runSuitesLocally(TestNG.java:1200)
	at org.testng.TestNG.runSuites(TestNG.java:1114)
	at org.testng.TestNG.run(TestNG.java:1082)
	at org.apache.maven.surefire.testng.TestNGExecutor.run(TestNGExecutor.java:308)
	at org.apache.maven.surefire.testng.TestNGXmlTestSuite.execute(TestNGXmlTestSuite.java:71)
	at org.apache.maven.surefire.testng.TestNGProvider.invoke(TestNGProvider.java:113)
	at org.apache.maven.surefire.booter.ForkedBooter.runSuitesInProcess(ForkedBooter.java:385)
	at org.apache.maven.surefire.booter.ForkedBooter.execute(ForkedBooter.java:162)
	at org.apache.maven.surefire.booter.ForkedBooter.run(ForkedBooter.java:507)
	at org.apache.maven.surefire.booter.ForkedBooter.main(ForkedBooter.java:495)
]]></failure>
    <system-out><![CDATA[Request method:	PUT
Request URI:	https://petstore.swagger.io/v2/pet/
Proxy:			<none>
Request params:	<none>
Query params:	<none>
Form params:	<none>
Path params:	<none>
Headers:		api_key=special-key
				Accept=*/*
				Content-Type=application/json
Cookies:		<none>
Multiparts:		<none>
Body:
{
    "id": 839406,
    "category": {
        "id": 101,
        "name": "German"
    },
    "tags": [
        {
            "id": 101,
            "name": "Australia"
        }
    ],
    "status": "pending"
}
HTTP/1.1 200 OK
Date: Fri, 02 Aug 2024 23:14:26 GMT
Content-Type: application/json
Transfer-Encoding: chunked
Connection: keep-alive
Access-Control-Allow-Origin: *
Access-Control-Allow-Methods: GET, POST, DELETE, PUT
Access-Control-Allow-Headers: Content-Type, api_key, Authorization
Server: Jetty(9.2.9.v20150224)

{
    "id": 839406,
    "category": {
        "id": 101,
        "name": "German"
    },
    "photoUrls": [
        
    ],
    "tags": [
        {
            "id": 101,
            "name": "Australia"
        }
    ],
    "status": "pending"
}
]]></system-out>
  </testcase>
</testsuite>